2026-04-07 14:52:37 - INFO - Experiment Name: exp_01
2026-04-07 14:52:37 - INFO - Starting training pipeline...
2026-04-07 14:52:37 - INFO - Using device: cuda
2026-04-07 14:52:37 - INFO - Seed is set to 42
2026-04-07 14:52:37 - INFO - Loss: BCEWithLogitsLoss()
2026-04-07 14:52:37 - INFO - LR: 0.001
2026-04-07 14:53:00 - INFO - Epoch 1/500 | Train Loss: 0.1516 | Val Loss: 0.0199 | Precision: 0.9942 | Recall: 0.9913
2026-04-07 14:53:23 - INFO - Epoch 2/500 | Train Loss: 0.0860 | Val Loss: 0.0156 | Precision: 1.0000 | Recall: 0.9913
2026-04-07 14:53:46 - INFO - Epoch 3/500 | Train Loss: 0.0517 | Val Loss: 0.0058 | Precision: 1.0000 | Recall: 0.9971
2026-04-07 14:54:09 - INFO - Epoch 4/500 | Train Loss: 0.0519 | Val Loss: 0.0067 | Precision: 0.9971 | Recall: 1.0000
2026-04-07 14:54:32 - INFO - Epoch 5/500 | Train Loss: 0.0464 | Val Loss: 0.0055 | Precision: 0.9942 | Recall: 0.9971
2026-04-07 14:54:55 - INFO - Epoch 6/500 | Train Loss: 0.0233 | Val Loss: 0.0491 | Precision: 0.9425 | Recall: 0.9971
2026-04-07 14:55:18 - INFO - Epoch 7/500 | Train Loss: 0.0333 | Val Loss: 0.0023 | Precision: 1.0000 | Recall: 1.0000
2026-04-07 14:55:41 - INFO - Epoch 8/500 | Train Loss: 0.0586 | Val Loss: 0.0186 | Precision: 0.9942 | Recall: 0.9913
2026-04-07 14:56:04 - INFO - Epoch 9/500 | Train Loss: 0.0338 | Val Loss: 0.0026 | Precision: 1.0000 | Recall: 0.9971
2026-04-07 14:56:26 - INFO - Epoch 10/500 | Train Loss: 0.0187 | Val Loss: 0.0099 | Precision: 1.0000 | Recall: 0.9971
2026-04-07 14:56:49 - INFO - Epoch 11/500 | Train Loss: 0.0105 | Val Loss: 0.0010 | Precision: 1.0000 | Recall: 1.0000
2026-04-07 14:57:12 - INFO - Epoch 12/500 | Train Loss: 0.0126 | Val Loss: 0.0016 | Precision: 1.0000 | Recall: 1.0000
2026-04-07 14:57:35 - INFO - Epoch 13/500 | Train Loss: 0.0160 | Val Loss: 0.0197 | Precision: 1.0000 | Recall: 0.9942
2026-04-07 14:57:58 - INFO - Epoch 14/500 | Train Loss: 0.0293 | Val Loss: 0.0413 | Precision: 1.0000 | Recall: 0.9855
2026-04-07 14:58:21 - INFO - Epoch 15/500 | Train Loss: 0.0395 | Val Loss: 0.0069 | Precision: 1.0000 | Recall: 0.9942
2026-04-07 14:58:44 - INFO - Epoch 16/500 | Train Loss: 0.0360 | Val Loss: 0.0095 | Precision: 1.0000 | Recall: 0.9971
2026-04-07 14:59:07 - INFO - Epoch 17/500 | Train Loss: 0.0318 | Val Loss: 0.0082 | Precision: 1.0000 | Recall: 0.9971
2026-04-07 14:59:30 - INFO - Epoch 18/500 | Train Loss: 0.0285 | Val Loss: 0.0046 | Precision: 1.0000 | Recall: 0.9942
2026-04-07 14:59:53 - INFO - Epoch 19/500 | Train Loss: 0.0116 | Val Loss: 0.0198 | Precision: 1.0000 | Recall: 0.9913
2026-04-07 15:00:16 - INFO - Epoch 20/500 | Train Loss: 0.0340 | Val Loss: 0.0016 | Precision: 1.0000 | Recall: 1.0000
2026-04-07 15:00:39 - INFO - Epoch 21/500 | Train Loss: 0.0234 | Val Loss: 0.0019 | Precision: 1.0000 | Recall: 0.9971
2026-04-07 15:01:02 - INFO - Epoch 22/500 | Train Loss: 0.0385 | Val Loss: 0.0335 | Precision: 1.0000 | Recall: 0.9826
2026-04-07 15:01:25 - INFO - Epoch 23/500 | Train Loss: 0.0168 | Val Loss: 0.0158 | Precision: 1.0000 | Recall: 0.9942
2026-04-07 15:01:48 - INFO - Epoch 24/500 | Train Loss: 0.0199 | Val Loss: 0.0195 | Precision: 1.0000 | Recall: 0.9913
2026-04-07 15:02:11 - INFO - Epoch 25/500 | Train Loss: 0.0086 | Val Loss: 0.0100 | Precision: 1.0000 | Recall: 0.9913
2026-04-07 15:02:34 - INFO - Epoch 26/500 | Train Loss: 0.0066 | Val Loss: 0.0279 | Precision: 1.0000 | Recall: 0.9884
2026-04-07 15:02:57 - INFO - Epoch 27/500 | Train Loss: 0.0136 | Val Loss: 0.0119 | Precision: 1.0000 | Recall: 0.9942
2026-04-07 15:03:20 - INFO - Epoch 28/500 | Train Loss: 0.0132 | Val Loss: 0.0067 | Precision: 1.0000 | Recall: 0.9913
2026-04-07 15:03:42 - INFO - Epoch 29/500 | Train Loss: 0.0241 | Val Loss: 0.0095 | Precision: 1.0000 | Recall: 0.9971
2026-04-07 15:04:05 - INFO - Epoch 30/500 | Train Loss: 0.0069 | Val Loss: 0.0092 | Precision: 1.0000 | Recall: 0.9971
2026-04-07 15:04:28 - INFO - Epoch 31/500 | Train Loss: 0.0124 | Val Loss: 0.0230 | Precision: 0.9914 | Recall: 0.9971
2026-04-07 15:04:51 - INFO - Epoch 32/500 | Train Loss: 0.0447 | Val Loss: 0.0024 | Precision: 1.0000 | Recall: 0.9971
2026-04-07 15:05:14 - INFO - Epoch 33/500 | Train Loss: 0.0251 | Val Loss: 0.0083 | Precision: 1.0000 | Recall: 0.9971
2026-04-07 15:05:37 - INFO - Epoch 34/500 | Train Loss: 0.0214 | Val Loss: 0.0064 | Precision: 1.0000 | Recall: 0.9971
2026-04-07 15:06:00 - INFO - Epoch 35/500 | Train Loss: 0.0155 | Val Loss: 0.0046 | Precision: 1.0000 | Recall: 0.9971
2026-04-07 15:06:23 - INFO - Epoch 36/500 | Train Loss: 0.0101 | Val Loss: 0.0018 | Precision: 1.0000 | Recall: 0.9971
2026-04-07 15:06:45 - INFO - Epoch 37/500 | Train Loss: 0.0105 | Val Loss: 0.0013 | Precision: 1.0000 | Recall: 0.9971
2026-04-07 15:07:09 - INFO - Epoch 38/500 | Train Loss: 0.0183 | Val Loss: 0.0014 | Precision: 1.0000 | Recall: 1.0000
2026-04-07 15:07:32 - INFO - Epoch 39/500 | Train Loss: 0.0032 | Val Loss: 0.0048 | Precision: 1.0000 | Recall: 0.9971
2026-04-07 15:07:55 - INFO - Epoch 40/500 | Train Loss: 0.0179 | Val Loss: 0.0071 | Precision: 1.0000 | Recall: 0.9971
2026-04-07 15:08:18 - INFO - Epoch 41/500 | Train Loss: 0.0319 | Val Loss: 0.0052 | Precision: 1.0000 | Recall: 0.9971
2026-04-07 15:08:42 - INFO - Epoch 42/500 | Train Loss: 0.0111 | Val Loss: 0.0040 | Precision: 1.0000 | Recall: 0.9971
2026-04-07 15:09:05 - INFO - Epoch 43/500 | Train Loss: 0.0221 | Val Loss: 0.0076 | Precision: 1.0000 | Recall: 0.9942
2026-04-07 15:09:28 - INFO - Epoch 44/500 | Train Loss: 0.0103 | Val Loss: 0.0010 | Precision: 1.0000 | Recall: 1.0000
2026-04-07 15:09:50 - INFO - Epoch 45/500 | Train Loss: 0.0083 | Val Loss: 0.0002 | Precision: 1.0000 | Recall: 1.0000
2026-04-07 15:10:13 - INFO - Epoch 46/500 | Train Loss: 0.0121 | Val Loss: 0.0044 | Precision: 1.0000 | Recall: 1.0000
2026-04-07 15:10:36 - INFO - Epoch 47/500 | Train Loss: 0.0144 | Val Loss: 0.0006 | Precision: 1.0000 | Recall: 1.0000
2026-04-07 15:11:00 - INFO - Epoch 48/500 | Train Loss: 0.0110 | Val Loss: 0.0114 | Precision: 1.0000 | Recall: 0.9942
2026-04-07 15:11:23 - INFO - Epoch 49/500 | Train Loss: 0.0148 | Val Loss: 0.0058 | Precision: 1.0000 | Recall: 0.9971
2026-04-07 15:11:46 - INFO - Epoch 50/500 | Train Loss: 0.0086 | Val Loss: 0.0019 | Precision: 1.0000 | Recall: 0.9971
2026-04-07 15:12:09 - INFO - Epoch 51/500 | Train Loss: 0.0036 | Val Loss: 0.0288 | Precision: 1.0000 | Recall: 0.9942
2026-04-07 15:12:33 - INFO - Epoch 52/500 | Train Loss: 0.0163 | Val Loss: 0.0070 | Precision: 1.0000 | Recall: 1.0000
2026-04-07 15:12:57 - INFO - Epoch 53/500 | Train Loss: 0.0119 | Val Loss: 0.0099 | Precision: 1.0000 | Recall: 0.9942
2026-04-07 15:13:21 - INFO - Epoch 54/500 | Train Loss: 0.0103 | Val Loss: 0.0167 | Precision: 1.0000 | Recall: 0.9942
2026-04-07 15:13:44 - INFO - Epoch 55/500 | Train Loss: 0.0137 | Val Loss: 0.0287 | Precision: 1.0000 | Recall: 0.9913
2026-04-07 15:14:07 - INFO - Epoch 56/500 | Train Loss: 0.0107 | Val Loss: 0.0053 | Precision: 1.0000 | Recall: 0.9971
2026-04-07 15:14:30 - INFO - Epoch 57/500 | Train Loss: 0.0191 | Val Loss: 0.0099 | Precision: 1.0000 | Recall: 0.9971
2026-04-07 15:14:53 - INFO - Epoch 58/500 | Train Loss: 0.0112 | Val Loss: 0.0050 | Precision: 1.0000 | Recall: 0.9971
2026-04-07 15:15:15 - INFO - Epoch 59/500 | Train Loss: 0.0146 | Val Loss: 0.0105 | Precision: 1.0000 | Recall: 0.9942
2026-04-07 15:15:38 - INFO - Epoch 60/500 | Train Loss: 0.0161 | Val Loss: 0.0060 | Precision: 1.0000 | Recall: 0.9971
2026-04-07 15:16:01 - INFO - Epoch 61/500 | Train Loss: 0.0051 | Val Loss: 0.0100 | Precision: 1.0000 | Recall: 0.9971
2026-04-07 15:16:24 - INFO - Epoch 62/500 | Train Loss: 0.0075 | Val Loss: 0.0161 | Precision: 1.0000 | Recall: 0.9942
2026-04-07 15:16:47 - INFO - Epoch 63/500 | Train Loss: 0.0095 | Val Loss: 0.0002 | Precision: 1.0000 | Recall: 1.0000
2026-04-07 15:17:10 - INFO - Epoch 64/500 | Train Loss: 0.0209 | Val Loss: 0.0214 | Precision: 1.0000 | Recall: 0.9913
2026-04-07 15:17:33 - INFO - Epoch 65/500 | Train Loss: 0.0050 | Val Loss: 0.0013 | Precision: 1.0000 | Recall: 0.9971
2026-04-07 15:17:56 - INFO - Epoch 66/500 | Train Loss: 0.0156 | Val Loss: 0.0031 | Precision: 1.0000 | Recall: 0.9971
2026-04-07 15:18:19 - INFO - Epoch 67/500 | Train Loss: 0.0110 | Val Loss: 0.0002 | Precision: 1.0000 | Recall: 1.0000
2026-04-07 15:18:42 - INFO - Epoch 68/500 | Train Loss: 0.0047 | Val Loss: 0.0009 | Precision: 1.0000 | Recall: 1.0000
2026-04-07 15:19:04 - INFO - Epoch 69/500 | Train Loss: 0.0199 | Val Loss: 0.0267 | Precision: 1.0000 | Recall: 0.9913
2026-04-07 15:19:27 - INFO - Epoch 70/500 | Train Loss: 0.0384 | Val Loss: 0.0052 | Precision: 0.9942 | Recall: 1.0000
2026-04-07 15:19:50 - INFO - Epoch 71/500 | Train Loss: 0.0119 | Val Loss: 0.0112 | Precision: 1.0000 | Recall: 0.9971
2026-04-07 15:20:13 - INFO - Epoch 72/500 | Train Loss: 0.0263 | Val Loss: 0.0085 | Precision: 1.0000 | Recall: 0.9971
2026-04-07 15:20:36 - INFO - Epoch 73/500 | Train Loss: 0.0222 | Val Loss: 0.0070 | Precision: 1.0000 | Recall: 0.9971
2026-04-07 15:20:58 - INFO - Epoch 74/500 | Train Loss: 0.0166 | Val Loss: 0.0089 | Precision: 1.0000 | Recall: 0.9971
2026-04-07 15:21:21 - INFO - Epoch 75/500 | Train Loss: 0.0094 | Val Loss: 0.0103 | Precision: 1.0000 | Recall: 0.9971
2026-04-07 15:21:44 - INFO - Epoch 76/500 | Train Loss: 0.0069 | Val Loss: 0.0026 | Precision: 1.0000 | Recall: 0.9971
2026-04-07 15:22:07 - INFO - Epoch 77/500 | Train Loss: 0.0122 | Val Loss: 0.0110 | Precision: 1.0000 | Recall: 0.9942
2026-04-07 15:22:30 - INFO - Epoch 78/500 | Train Loss: 0.0139 | Val Loss: 0.0045 | Precision: 1.0000 | Recall: 0.9942
2026-04-07 15:22:53 - INFO - Epoch 79/500 | Train Loss: 0.0028 | Val Loss: 0.0029 | Precision: 1.0000 | Recall: 0.9971
2026-04-07 15:23:16 - INFO - Epoch 80/500 | Train Loss: 0.0088 | Val Loss: 0.0072 | Precision: 1.0000 | Recall: 0.9971
2026-04-07 15:23:39 - INFO - Epoch 81/500 | Train Loss: 0.0010 | Val Loss: 0.0011 | Precision: 1.0000 | Recall: 0.9971
2026-04-07 15:24:02 - INFO - Epoch 82/500 | Train Loss: 0.0047 | Val Loss: 0.0028 | Precision: 1.0000 | Recall: 0.9971
2026-04-07 15:24:25 - INFO - Epoch 83/500 | Train Loss: 0.0016 | Val Loss: 0.0006 | Precision: 1.0000 | Recall: 1.0000
2026-04-07 15:24:48 - INFO - Epoch 84/500 | Train Loss: 0.0179 | Val Loss: 0.0040 | Precision: 1.0000 | Recall: 0.9942
2026-04-07 15:25:11 - INFO - Epoch 85/500 | Train Loss: 0.0069 | Val Loss: 0.0072 | Precision: 1.0000 | Recall: 0.9942
2026-04-07 15:25:33 - INFO - Epoch 86/500 | Train Loss: 0.0124 | Val Loss: 0.0225 | Precision: 1.0000 | Recall: 0.9913
2026-04-07 15:25:56 - INFO - Epoch 87/500 | Train Loss: 0.0035 | Val Loss: 0.0161 | Precision: 1.0000 | Recall: 0.9942
2026-04-07 15:26:19 - INFO - Epoch 88/500 | Train Loss: 0.0005 | Val Loss: 0.0153 | Precision: 1.0000 | Recall: 0.9942
2026-04-07 15:26:42 - INFO - Epoch 89/500 | Train Loss: 0.0028 | Val Loss: 0.0107 | Precision: 1.0000 | Recall: 0.9971
2026-04-07 15:27:05 - INFO - Epoch 90/500 | Train Loss: 0.0003 | Val Loss: 0.0226 | Precision: 1.0000 | Recall: 0.9971
2026-04-07 15:27:28 - INFO - Epoch 91/500 | Train Loss: 0.0316 | Val Loss: 0.0106 | Precision: 1.0000 | Recall: 0.9971
2026-04-07 15:27:51 - INFO - Epoch 92/500 | Train Loss: 0.0052 | Val Loss: 0.0023 | Precision: 1.0000 | Recall: 0.9971
2026-04-07 15:28:14 - INFO - Epoch 93/500 | Train Loss: 0.0122 | Val Loss: 0.0138 | Precision: 1.0000 | Recall: 0.9884
2026-04-07 15:28:37 - INFO - Epoch 94/500 | Train Loss: 0.0042 | Val Loss: 0.0021 | Precision: 1.0000 | Recall: 0.9971
2026-04-07 15:29:00 - INFO - Epoch 95/500 | Train Loss: 0.0220 | Val Loss: 0.0028 | Precision: 1.0000 | Recall: 0.9971
2026-04-07 15:29:23 - INFO - Epoch 96/500 | Train Loss: 0.0179 | Val Loss: 0.0061 | Precision: 1.0000 | Recall: 0.9942
2026-04-07 15:29:46 - INFO - Epoch 97/500 | Train Loss: 0.0208 | Val Loss: 0.0010 | Precision: 1.0000 | Recall: 1.0000
2026-04-07 15:30:09 - INFO - Epoch 98/500 | Train Loss: 0.0251 | Val Loss: 0.0023 | Precision: 1.0000 | Recall: 1.0000
2026-04-07 15:30:31 - INFO - Epoch 99/500 | Train Loss: 0.0236 | Val Loss: 0.0068 | Precision: 1.0000 | Recall: 0.9971
2026-04-07 15:30:54 - INFO - Epoch 100/500 | Train Loss: 0.0064 | Val Loss: 0.0002 | Precision: 1.0000 | Recall: 1.0000
2026-04-07 15:31:17 - INFO - Epoch 101/500 | Train Loss: 0.0009 | Val Loss: 0.0027 | Precision: 1.0000 | Recall: 0.9971
2026-04-07 15:31:40 - INFO - Epoch 102/500 | Train Loss: 0.0039 | Val Loss: 0.0004 | Precision: 1.0000 | Recall: 1.0000
2026-04-07 15:32:03 - INFO - Epoch 103/500 | Train Loss: 0.0204 | Val Loss: 0.0012 | Precision: 1.0000 | Recall: 1.0000
2026-04-07 15:32:26 - INFO - Epoch 104/500 | Train Loss: 0.0215 | Val Loss: 0.0027 | Precision: 1.0000 | Recall: 0.9971
2026-04-07 15:32:49 - INFO - Epoch 105/500 | Train Loss: 0.0082 | Val Loss: 0.0068 | Precision: 1.0000 | Recall: 0.9942
2026-04-07 15:33:12 - INFO - Epoch 106/500 | Train Loss: 0.0105 | Val Loss: 0.0133 | Precision: 1.0000 | Recall: 0.9942
2026-04-07 15:33:35 - INFO - Epoch 107/500 | Train Loss: 0.0060 | Val Loss: 0.0062 | Precision: 1.0000 | Recall: 0.9971
2026-04-07 15:33:57 - INFO - Epoch 108/500 | Train Loss: 0.0048 | Val Loss: 0.0110 | Precision: 1.0000 | Recall: 0.9971
2026-04-07 15:34:20 - INFO - Epoch 109/500 | Train Loss: 0.0002 | Val Loss: 0.0086 | Precision: 1.0000 | Recall: 0.9971
2026-04-07 15:34:43 - INFO - Epoch 110/500 | Train Loss: 0.0020 | Val Loss: 0.0001 | Precision: 1.0000 | Recall: 1.0000
2026-04-07 15:35:06 - INFO - Epoch 111/500 | Train Loss: 0.0142 | Val Loss: 0.0060 | Precision: 1.0000 | Recall: 0.9971
2026-04-07 15:35:29 - INFO - Epoch 112/500 | Train Loss: 0.0033 | Val Loss: 0.0046 | Precision: 1.0000 | Recall: 0.9971
2026-04-07 15:35:52 - INFO - Epoch 113/500 | Train Loss: 0.0040 | Val Loss: 0.0111 | Precision: 1.0000 | Recall: 0.9971
2026-04-07 15:36:15 - INFO - Epoch 114/500 | Train Loss: 0.0022 | Val Loss: 0.0148 | Precision: 1.0000 | Recall: 0.9971
2026-04-07 15:36:38 - INFO - Epoch 115/500 | Train Loss: 0.0119 | Val Loss: 0.0083 | Precision: 1.0000 | Recall: 0.9971
2026-04-07 15:37:01 - INFO - Epoch 116/500 | Train Loss: 0.0026 | Val Loss: 0.0033 | Precision: 1.0000 | Recall: 0.9971
2026-04-07 15:37:24 - INFO - Epoch 117/500 | Train Loss: 0.0147 | Val Loss: 0.0003 | Precision: 1.0000 | Recall: 1.0000
2026-04-07 15:37:47 - INFO - Epoch 118/500 | Train Loss: 0.0042 | Val Loss: 0.0012 | Precision: 1.0000 | Recall: 0.9971
2026-04-07 15:38:10 - INFO - Epoch 119/500 | Train Loss: 0.0077 | Val Loss: 0.0063 | Precision: 1.0000 | Recall: 0.9942
2026-04-07 15:38:33 - INFO - Epoch 120/500 | Train Loss: 0.0082 | Val Loss: 0.0020 | Precision: 1.0000 | Recall: 0.9971
2026-04-07 15:38:56 - INFO - Epoch 121/500 | Train Loss: 0.0086 | Val Loss: 0.0016 | Precision: 1.0000 | Recall: 0.9971
2026-04-07 15:39:19 - INFO - Epoch 122/500 | Train Loss: 0.0394 | Val Loss: 0.0091 | Precision: 1.0000 | Recall: 0.9971
2026-04-07 15:39:41 - INFO - Epoch 123/500 | Train Loss: 0.0106 | Val Loss: 0.0033 | Precision: 1.0000 | Recall: 0.9971
2026-04-07 15:40:05 - INFO - Epoch 124/500 | Train Loss: 0.0109 | Val Loss: 0.0022 | Precision: 1.0000 | Recall: 0.9971
2026-04-07 15:40:27 - INFO - Epoch 125/500 | Train Loss: 0.0031 | Val Loss: 0.0001 | Precision: 1.0000 | Recall: 1.0000
2026-04-07 15:40:50 - INFO - Epoch 126/500 | Train Loss: 0.0005 | Val Loss: 0.0000 | Precision: 1.0000 | Recall: 1.0000
2026-04-07 15:41:13 - INFO - Epoch 127/500 | Train Loss: 0.0024 | Val Loss: 0.0003 | Precision: 1.0000 | Recall: 1.0000
2026-04-07 15:41:36 - INFO - Epoch 128/500 | Train Loss: 0.0014 | Val Loss: 0.0019 | Precision: 1.0000 | Recall: 0.9971
2026-04-07 15:41:59 - INFO - Epoch 129/500 | Train Loss: 0.0018 | Val Loss: 0.0021 | Precision: 1.0000 | Recall: 1.0000
2026-04-07 15:42:22 - INFO - Epoch 130/500 | Train Loss: 0.0109 | Val Loss: 0.0038 | Precision: 1.0000 | Recall: 0.9971
2026-04-07 15:42:45 - INFO - Epoch 131/500 | Train Loss: 0.0112 | Val Loss: 0.0119 | Precision: 1.0000 | Recall: 0.9942
2026-04-07 15:43:08 - INFO - Epoch 132/500 | Train Loss: 0.0014 | Val Loss: 0.0136 | Precision: 1.0000 | Recall: 0.9942
2026-04-07 15:43:31 - INFO - Epoch 133/500 | Train Loss: 0.0041 | Val Loss: 0.0154 | Precision: 1.0000 | Recall: 0.9971
2026-04-07 15:43:54 - INFO - Epoch 134/500 | Train Loss: 0.0004 | Val Loss: 0.0121 | Precision: 1.0000 | Recall: 0.9971
2026-04-07 15:44:17 - INFO - Epoch 135/500 | Train Loss: 0.0051 | Val Loss: 0.0181 | Precision: 1.0000 | Recall: 0.9971
2026-04-07 15:44:39 - INFO - Epoch 136/500 | Train Loss: 0.0040 | Val Loss: 0.0032 | Precision: 1.0000 | Recall: 0.9971
2026-04-07 15:45:02 - INFO - Epoch 137/500 | Train Loss: 0.0162 | Val Loss: 0.0130 | Precision: 1.0000 | Recall: 0.9942
2026-04-07 15:45:25 - INFO - Epoch 138/500 | Train Loss: 0.0219 | Val Loss: 0.0005 | Precision: 1.0000 | Recall: 1.0000
2026-04-07 15:45:48 - INFO - Epoch 139/500 | Train Loss: 0.0033 | Val Loss: 0.0022 | Precision: 1.0000 | Recall: 0.9971
2026-04-07 15:46:11 - INFO - Epoch 140/500 | Train Loss: 0.0002 | Val Loss: 0.0007 | Precision: 1.0000 | Recall: 1.0000
2026-04-07 15:46:34 - INFO - Epoch 141/500 | Train Loss: 0.0034 | Val Loss: 0.0010 | Precision: 1.0000 | Recall: 1.0000
2026-04-07 15:46:57 - INFO - Epoch 142/500 | Train Loss: 0.0048 | Val Loss: 0.0003 | Precision: 1.0000 | Recall: 1.0000
2026-04-07 15:47:19 - INFO - Epoch 143/500 | Train Loss: 0.0078 | Val Loss: 0.0014 | Precision: 1.0000 | Recall: 0.9971
2026-04-07 15:47:42 - INFO - Epoch 144/500 | Train Loss: 0.0046 | Val Loss: 0.0004 | Precision: 1.0000 | Recall: 1.0000
2026-04-07 15:48:05 - INFO - Epoch 145/500 | Train Loss: 0.0004 | Val Loss: 0.0007 | Precision: 1.0000 | Recall: 1.0000
2026-04-07 15:48:28 - INFO - Epoch 146/500 | Train Loss: 0.0023 | Val Loss: 0.0005 | Precision: 1.0000 | Recall: 1.0000
2026-04-07 15:48:51 - INFO - Epoch 147/500 | Train Loss: 0.0062 | Val Loss: 0.0007 | Precision: 1.0000 | Recall: 1.0000
2026-04-07 15:49:14 - INFO - Epoch 148/500 | Train Loss: 0.0004 | Val Loss: 0.0028 | Precision: 1.0000 | Recall: 0.9971
2026-04-07 15:49:37 - INFO - Epoch 149/500 | Train Loss: 0.0225 | Val Loss: 0.0177 | Precision: 1.0000 | Recall: 0.9913
2026-04-07 15:50:00 - INFO - Epoch 150/500 | Train Loss: 0.0091 | Val Loss: 0.0140 | Precision: 1.0000 | Recall: 0.9913
2026-04-07 15:50:23 - INFO - Epoch 151/500 | Train Loss: 0.0049 | Val Loss: 0.0053 | Precision: 1.0000 | Recall: 0.9942
2026-04-07 15:50:46 - INFO - Epoch 152/500 | Train Loss: 0.0027 | Val Loss: 0.0133 | Precision: 1.0000 | Recall: 0.9884
2026-04-07 15:51:09 - INFO - Epoch 153/500 | Train Loss: 0.0064 | Val Loss: 0.0095 | Precision: 1.0000 | Recall: 0.9971
2026-04-07 15:51:31 - INFO - Epoch 154/500 | Train Loss: 0.0007 | Val Loss: 0.0245 | Precision: 1.0000 | Recall: 0.9884
2026-04-07 15:51:54 - INFO - Epoch 155/500 | Train Loss: 0.0003 | Val Loss: 0.0017 | Precision: 1.0000 | Recall: 0.9971
2026-04-07 15:52:17 - INFO - Epoch 156/500 | Train Loss: 0.0161 | Val Loss: 0.0143 | Precision: 1.0000 | Recall: 0.9942
2026-04-07 15:52:40 - INFO - Epoch 157/500 | Train Loss: 0.0549 | Val Loss: 0.0939 | Precision: 1.0000 | Recall: 0.9826
2026-04-07 15:53:03 - INFO - Epoch 158/500 | Train Loss: 0.0227 | Val Loss: 0.0043 | Precision: 1.0000 | Recall: 0.9971
2026-04-07 15:53:26 - INFO - Epoch 159/500 | Train Loss: 0.0031 | Val Loss: 0.0016 | Precision: 1.0000 | Recall: 0.9971
2026-04-07 15:53:49 - INFO - Epoch 160/500 | Train Loss: 0.0049 | Val Loss: 0.0057 | Precision: 1.0000 | Recall: 0.9971
2026-04-07 15:54:12 - INFO - Epoch 161/500 | Train Loss: 0.0043 | Val Loss: 0.0107 | Precision: 1.0000 | Recall: 0.9971
2026-04-07 15:54:35 - INFO - Epoch 162/500 | Train Loss: 0.0091 | Val Loss: 0.0008 | Precision: 1.0000 | Recall: 1.0000
2026-04-07 15:54:58 - INFO - Epoch 163/500 | Train Loss: 0.0005 | Val Loss: 0.0049 | Precision: 1.0000 | Recall: 0.9971
2026-04-07 15:55:20 - INFO - Epoch 164/500 | Train Loss: 0.0021 | Val Loss: 0.0021 | Precision: 1.0000 | Recall: 0.9971
2026-04-07 15:55:43 - INFO - Epoch 165/500 | Train Loss: 0.0022 | Val Loss: 0.0005 | Precision: 1.0000 | Recall: 1.0000
2026-04-07 15:56:06 - INFO - Epoch 166/500 | Train Loss: 0.0009 | Val Loss: 0.0004 | Precision: 1.0000 | Recall: 1.0000
2026-04-07 15:56:29 - INFO - Epoch 167/500 | Train Loss: 0.0015 | Val Loss: 0.0000 | Precision: 1.0000 | Recall: 1.0000
2026-04-07 15:56:52 - INFO - Epoch 168/500 | Train Loss: 0.0002 | Val Loss: 0.0004 | Precision: 1.0000 | Recall: 1.0000
2026-04-07 15:57:15 - INFO - Epoch 169/500 | Train Loss: 0.0030 | Val Loss: 0.0047 | Precision: 1.0000 | Recall: 0.9971
2026-04-07 15:57:38 - INFO - Epoch 170/500 | Train Loss: 0.0000 | Val Loss: 0.0076 | Precision: 1.0000 | Recall: 0.9971
2026-04-07 15:58:01 - INFO - Epoch 171/500 | Train Loss: 0.0000 | Val Loss: 0.0045 | Precision: 1.0000 | Recall: 0.9971
2026-04-07 15:58:24 - INFO - Epoch 172/500 | Train Loss: 0.0002 | Val Loss: 0.0065 | Precision: 1.0000 | Recall: 0.9971
2026-04-07 15:58:47 - INFO - Epoch 173/500 | Train Loss: 0.0263 | Val Loss: 0.0026 | Precision: 1.0000 | Recall: 0.9971
2026-04-07 15:59:10 - INFO - Epoch 174/500 | Train Loss: 0.0037 | Val Loss: 0.0131 | Precision: 1.0000 | Recall: 0.9942
2026-04-07 15:59:33 - INFO - Epoch 175/500 | Train Loss: 0.0006 | Val Loss: 0.0107 | Precision: 1.0000 | Recall: 0.9971
2026-04-07 15:59:55 - INFO - Epoch 176/500 | Train Loss: 0.0035 | Val Loss: 0.0088 | Precision: 1.0000 | Recall: 0.9942
2026-04-07 16:00:18 - INFO - Epoch 177/500 | Train Loss: 0.0031 | Val Loss: 0.0138 | Precision: 1.0000 | Recall: 0.9971
2026-04-07 16:00:41 - INFO - Epoch 178/500 | Train Loss: 0.0001 | Val Loss: 0.0114 | Precision: 1.0000 | Recall: 0.9971
2026-04-07 16:01:04 - INFO - Epoch 179/500 | Train Loss: 0.0003 | Val Loss: 0.0141 | Precision: 1.0000 | Recall: 0.9971
2026-04-07 16:01:27 - INFO - Epoch 180/500 | Train Loss: 0.0002 | Val Loss: 0.0267 | Precision: 1.0000 | Recall: 0.9942
2026-04-07 16:01:49 - INFO - Epoch 181/500 | Train Loss: 0.0014 | Val Loss: 0.0318 | Precision: 1.0000 | Recall: 0.9913
2026-04-07 16:02:12 - INFO - Epoch 182/500 | Train Loss: 0.0148 | Val Loss: 0.0143 | Precision: 1.0000 | Recall: 0.9942
2026-04-07 16:02:35 - INFO - Epoch 183/500 | Train Loss: 0.0042 | Val Loss: 0.0001 | Precision: 1.0000 | Recall: 1.0000
2026-04-07 16:02:58 - INFO - Epoch 184/500 | Train Loss: 0.0071 | Val Loss: 0.0003 | Precision: 1.0000 | Recall: 1.0000
2026-04-07 16:03:21 - INFO - Epoch 185/500 | Train Loss: 0.0168 | Val Loss: 0.0019 | Precision: 1.0000 | Recall: 0.9971
2026-04-07 16:03:44 - INFO - Epoch 186/500 | Train Loss: 0.0046 | Val Loss: 0.0052 | Precision: 1.0000 | Recall: 0.9971
2026-04-07 16:04:06 - INFO - Epoch 187/500 | Train Loss: 0.0004 | Val Loss: 0.0105 | Precision: 1.0000 | Recall: 0.9971
2026-04-07 16:04:29 - INFO - Epoch 188/500 | Train Loss: 0.0008 | Val Loss: 0.0060 | Precision: 1.0000 | Recall: 0.9971
2026-04-07 16:04:52 - INFO - Epoch 189/500 | Train Loss: 0.0018 | Val Loss: 0.0116 | Precision: 1.0000 | Recall: 0.9971
2026-04-07 16:05:15 - INFO - Epoch 190/500 | Train Loss: 0.0007 | Val Loss: 0.0104 | Precision: 1.0000 | Recall: 0.9971
2026-04-07 16:05:38 - INFO - Epoch 191/500 | Train Loss: 0.0002 | Val Loss: 0.0150 | Precision: 1.0000 | Recall: 0.9971
2026-04-07 16:06:01 - INFO - Epoch 192/500 | Train Loss: 0.0001 | Val Loss: 0.0138 | Precision: 1.0000 | Recall: 0.9971
2026-04-07 16:06:24 - INFO - Epoch 193/500 | Train Loss: 0.0001 | Val Loss: 0.0236 | Precision: 1.0000 | Recall: 0.9971
2026-04-07 16:06:47 - INFO - Epoch 194/500 | Train Loss: 0.0160 | Val Loss: 0.0111 | Precision: 1.0000 | Recall: 0.9971
2026-04-07 16:07:10 - INFO - Epoch 195/500 | Train Loss: 0.0047 | Val Loss: 0.0119 | Precision: 1.0000 | Recall: 0.9971
2026-04-07 16:07:33 - INFO - Epoch 196/500 | Train Loss: 0.0086 | Val Loss: 0.0052 | Precision: 1.0000 | Recall: 0.9971
2026-04-07 16:07:55 - INFO - Epoch 197/500 | Train Loss: 0.0177 | Val Loss: 0.0013 | Precision: 1.0000 | Recall: 1.0000
2026-04-07 16:08:18 - INFO - Epoch 198/500 | Train Loss: 0.0052 | Val Loss: 0.0092 | Precision: 1.0000 | Recall: 0.9942
2026-04-07 16:08:41 - INFO - Epoch 199/500 | Train Loss: 0.0128 | Val Loss: 0.0127 | Precision: 1.0000 | Recall: 0.9913
2026-04-07 16:09:04 - INFO - Epoch 200/500 | Train Loss: 0.0026 | Val Loss: 0.0053 | Precision: 1.0000 | Recall: 0.9942
2026-04-07 16:09:27 - INFO - Epoch 201/500 | Train Loss: 0.0074 | Val Loss: 0.0005 | Precision: 1.0000 | Recall: 1.0000
2026-04-07 16:09:50 - INFO - Epoch 202/500 | Train Loss: 0.0048 | Val Loss: 0.0000 | Precision: 1.0000 | Recall: 1.0000
2026-04-07 16:10:13 - INFO - Epoch 203/500 | Train Loss: 0.0036 | Val Loss: 0.0024 | Precision: 1.0000 | Recall: 0.9942
2026-04-07 16:10:36 - INFO - Epoch 204/500 | Train Loss: 0.0054 | Val Loss: 0.0000 | Precision: 1.0000 | Recall: 1.0000
2026-04-07 16:10:59 - INFO - Epoch 205/500 | Train Loss: 0.0087 | Val Loss: 0.0001 | Precision: 1.0000 | Recall: 1.0000
2026-04-07 16:11:22 - INFO - Epoch 206/500 | Train Loss: 0.0001 | Val Loss: 0.0002 | Precision: 1.0000 | Recall: 1.0000
2026-04-07 16:11:45 - INFO - Epoch 207/500 | Train Loss: 0.0011 | Val Loss: 0.0248 | Precision: 1.0000 | Recall: 0.9942
2026-04-07 16:12:07 - INFO - Epoch 208/500 | Train Loss: 0.0024 | Val Loss: 0.0358 | Precision: 1.0000 | Recall: 0.9884
2026-04-07 16:12:30 - INFO - Epoch 209/500 | Train Loss: 0.0160 | Val Loss: 0.0011 | Precision: 1.0000 | Recall: 1.0000
2026-04-07 16:12:53 - INFO - Epoch 210/500 | Train Loss: 0.0085 | Val Loss: 0.0018 | Precision: 1.0000 | Recall: 1.0000
2026-04-07 16:13:16 - INFO - Epoch 211/500 | Train Loss: 0.0038 | Val Loss: 0.0014 | Precision: 1.0000 | Recall: 1.0000
2026-04-07 16:13:39 - INFO - Epoch 212/500 | Train Loss: 0.0054 | Val Loss: 0.0031 | Precision: 1.0000 | Recall: 0.9971
2026-04-07 16:14:02 - INFO - Epoch 213/500 | Train Loss: 0.0005 | Val Loss: 0.0063 | Precision: 1.0000 | Recall: 0.9971
2026-04-07 16:14:25 - INFO - Epoch 214/500 | Train Loss: 0.0018 | Val Loss: 0.0021 | Precision: 1.0000 | Recall: 0.9971
2026-04-07 16:14:48 - INFO - Epoch 215/500 | Train Loss: 0.0045 | Val Loss: 0.0007 | Precision: 1.0000 | Recall: 1.0000
2026-04-07 16:15:11 - INFO - Epoch 216/500 | Train Loss: 0.0017 | Val Loss: 0.0001 | Precision: 1.0000 | Recall: 1.0000
2026-04-07 16:15:33 - INFO - Epoch 217/500 | Train Loss: 0.0066 | Val Loss: 0.0060 | Precision: 1.0000 | Recall: 0.9971
2026-04-07 16:15:56 - INFO - Epoch 218/500 | Train Loss: 0.0206 | Val Loss: 0.0001 | Precision: 1.0000 | Recall: 1.0000
2026-04-07 16:16:19 - INFO - Epoch 219/500 | Train Loss: 0.0300 | Val Loss: 0.0117 | Precision: 1.0000 | Recall: 0.9971
2026-04-07 16:16:42 - INFO - Epoch 220/500 | Train Loss: 0.0171 | Val Loss: 0.0044 | Precision: 1.0000 | Recall: 0.9971
2026-04-07 16:17:05 - INFO - Epoch 221/500 | Train Loss: 0.0085 | Val Loss: 0.0235 | Precision: 1.0000 | Recall: 0.9884
2026-04-07 16:17:28 - INFO - Epoch 222/500 | Train Loss: 0.0036 | Val Loss: 0.0065 | Precision: 1.0000 | Recall: 0.9942
2026-04-07 16:17:51 - INFO - Epoch 223/500 | Train Loss: 0.0064 | Val Loss: 0.0009 | Precision: 1.0000 | Recall: 1.0000
2026-04-07 16:18:14 - INFO - Epoch 224/500 | Train Loss: 0.0010 | Val Loss: 0.0004 | Precision: 1.0000 | Recall: 1.0000
2026-04-07 16:18:37 - INFO - Epoch 225/500 | Train Loss: 0.0074 | Val Loss: 0.0046 | Precision: 0.9971 | Recall: 1.0000
2026-04-07 16:19:00 - INFO - Epoch 226/500 | Train Loss: 0.0014 | Val Loss: 0.0040 | Precision: 1.0000 | Recall: 0.9971
2026-04-07 16:19:22 - INFO - Epoch 227/500 | Train Loss: 0.0034 | Val Loss: 0.0211 | Precision: 1.0000 | Recall: 0.9971
2026-04-07 16:19:45 - INFO - Epoch 228/500 | Train Loss: 0.0063 | Val Loss: 0.0012 | Precision: 1.0000 | Recall: 0.9971
2026-04-07 16:20:08 - INFO - Epoch 229/500 | Train Loss: 0.0059 | Val Loss: 0.0015 | Precision: 1.0000 | Recall: 0.9971
2026-04-07 16:20:31 - INFO - Epoch 230/500 | Train Loss: 0.0033 | Val Loss: 0.0000 | Precision: 1.0000 | Recall: 1.0000
2026-04-07 16:20:54 - INFO - Epoch 231/500 | Train Loss: 0.0033 | Val Loss: 0.0041 | Precision: 1.0000 | Recall: 0.9971
2026-04-07 16:21:17 - INFO - Epoch 232/500 | Train Loss: 0.0018 | Val Loss: 0.0091 | Precision: 1.0000 | Recall: 0.9971
2026-04-07 16:21:40 - INFO - Epoch 233/500 | Train Loss: 0.0020 | Val Loss: 0.0045 | Precision: 1.0000 | Recall: 0.9971
2026-04-07 16:22:03 - INFO - Epoch 234/500 | Train Loss: 0.0003 | Val Loss: 0.0053 | Precision: 1.0000 | Recall: 0.9971
2026-04-07 16:22:26 - INFO - Epoch 235/500 | Train Loss: 0.0026 | Val Loss: 0.0071 | Precision: 1.0000 | Recall: 0.9971
2026-04-07 16:22:48 - INFO - Epoch 236/500 | Train Loss: 0.0000 | Val Loss: 0.0057 | Precision: 1.0000 | Recall: 0.9971
2026-04-07 16:23:11 - INFO - Epoch 237/500 | Train Loss: 0.0002 | Val Loss: 0.0012 | Precision: 1.0000 | Recall: 0.9971
2026-04-07 16:23:34 - INFO - Epoch 238/500 | Train Loss: 0.0002 | Val Loss: 0.0031 | Precision: 1.0000 | Recall: 0.9971
2026-04-07 16:23:57 - INFO - Epoch 239/500 | Train Loss: 0.0015 | Val Loss: 0.0080 | Precision: 1.0000 | Recall: 0.9971
2026-04-07 16:24:20 - INFO - Epoch 240/500 | Train Loss: 0.0076 | Val Loss: 0.0100 | Precision: 1.0000 | Recall: 0.9913
2026-04-07 16:24:43 - INFO - Epoch 241/500 | Train Loss: 0.0046 | Val Loss: 0.0031 | Precision: 1.0000 | Recall: 0.9971
2026-04-07 16:25:06 - INFO - Epoch 242/500 | Train Loss: 0.0001 | Val Loss: 0.0099 | Precision: 1.0000 | Recall: 0.9942
2026-04-07 16:25:29 - INFO - Epoch 243/500 | Train Loss: 0.0015 | Val Loss: 0.0001 | Precision: 1.0000 | Recall: 1.0000
2026-04-07 16:25:52 - INFO - Epoch 244/500 | Train Loss: 0.0000 | Val Loss: 0.0080 | Precision: 1.0000 | Recall: 0.9942
2026-04-07 16:26:15 - INFO - Epoch 245/500 | Train Loss: 0.0018 | Val Loss: 0.0051 | Precision: 1.0000 | Recall: 0.9971
2026-04-07 16:26:38 - INFO - Epoch 246/500 | Train Loss: 0.0150 | Val Loss: 0.0002 | Precision: 1.0000 | Recall: 1.0000
2026-04-07 16:27:01 - INFO - Epoch 247/500 | Train Loss: 0.0008 | Val Loss: 0.0014 | Precision: 1.0000 | Recall: 1.0000
2026-04-07 16:27:24 - INFO - Epoch 248/500 | Train Loss: 0.0318 | Val Loss: 0.0103 | Precision: 1.0000 | Recall: 0.9913
2026-04-07 16:27:46 - INFO - Epoch 249/500 | Train Loss: 0.0032 | Val Loss: 0.0097 | Precision: 1.0000 | Recall: 0.9942
2026-04-07 16:28:09 - INFO - Epoch 250/500 | Train Loss: 0.0114 | Val Loss: 0.0000 | Precision: 1.0000 | Recall: 1.0000
2026-04-07 16:28:32 - INFO - Epoch 251/500 | Train Loss: 0.0034 | Val Loss: 0.0001 | Precision: 1.0000 | Recall: 1.0000
2026-04-07 16:28:55 - INFO - Epoch 252/500 | Train Loss: 0.0064 | Val Loss: 0.0003 | Precision: 1.0000 | Recall: 1.0000
2026-04-07 16:29:18 - INFO - Epoch 253/500 | Train Loss: 0.0111 | Val Loss: 0.0001 | Precision: 1.0000 | Recall: 1.0000
2026-04-07 16:29:41 - INFO - Epoch 254/500 | Train Loss: 0.0051 | Val Loss: 0.0035 | Precision: 1.0000 | Recall: 0.9942
2026-04-07 16:30:04 - INFO - Epoch 255/500 | Train Loss: 0.0096 | Val Loss: 0.0000 | Precision: 1.0000 | Recall: 1.0000
2026-04-07 16:30:27 - INFO - Epoch 256/500 | Train Loss: 0.0093 | Val Loss: 0.0051 | Precision: 1.0000 | Recall: 0.9942
2026-04-07 16:30:50 - INFO - Epoch 257/500 | Train Loss: 0.0004 | Val Loss: 0.0044 | Precision: 1.0000 | Recall: 0.9942
2026-04-07 16:31:13 - INFO - Epoch 258/500 | Train Loss: 0.0045 | Val Loss: 0.0159 | Precision: 1.0000 | Recall: 0.9942
2026-04-07 16:31:36 - INFO - Epoch 259/500 | Train Loss: 0.0034 | Val Loss: 0.0086 | Precision: 1.0000 | Recall: 0.9942
2026-04-07 16:31:59 - INFO - Epoch 260/500 | Train Loss: 0.0001 | Val Loss: 0.0059 | Precision: 1.0000 | Recall: 0.9942
2026-04-07 16:32:22 - INFO - Epoch 261/500 | Train Loss: 0.0004 | Val Loss: 0.0020 | Precision: 1.0000 | Recall: 0.9971
2026-04-07 16:32:45 - INFO - Epoch 262/500 | Train Loss: 0.0003 | Val Loss: 0.0042 | Precision: 1.0000 | Recall: 0.9942
2026-04-07 16:33:07 - INFO - Epoch 263/500 | Train Loss: 0.0043 | Val Loss: 0.0022 | Precision: 1.0000 | Recall: 0.9971
2026-04-07 16:33:31 - INFO - Epoch 264/500 | Train Loss: 0.0033 | Val Loss: 0.0011 | Precision: 1.0000 | Recall: 0.9971
2026-04-07 16:33:54 - INFO - Epoch 265/500 | Train Loss: 0.0034 | Val Loss: 0.0005 | Precision: 1.0000 | Recall: 1.0000
2026-04-07 16:34:16 - INFO - Epoch 266/500 | Train Loss: 0.0003 | Val Loss: 0.0002 | Precision: 1.0000 | Recall: 1.0000
2026-04-07 16:34:39 - INFO - Epoch 267/500 | Train Loss: 0.0007 | Val Loss: 0.0000 | Precision: 1.0000 | Recall: 1.0000
2026-04-07 16:35:02 - INFO - Epoch 268/500 | Train Loss: 0.0024 | Val Loss: 0.0015 | Precision: 1.0000 | Recall: 0.9971
2026-04-07 16:35:25 - INFO - Epoch 269/500 | Train Loss: 0.0023 | Val Loss: 0.0003 | Precision: 1.0000 | Recall: 1.0000
2026-04-07 16:35:48 - INFO - Epoch 270/500 | Train Loss: 0.0138 | Val Loss: 0.0001 | Precision: 1.0000 | Recall: 1.0000
2026-04-07 16:36:11 - INFO - Epoch 271/500 | Train Loss: 0.0062 | Val Loss: 0.0018 | Precision: 1.0000 | Recall: 0.9971
2026-04-07 16:36:34 - INFO - Epoch 272/500 | Train Loss: 0.0015 | Val Loss: 0.0013 | Precision: 1.0000 | Recall: 0.9971
2026-04-07 16:36:56 - INFO - Epoch 273/500 | Train Loss: 0.0064 | Val Loss: 0.0033 | Precision: 0.9971 | Recall: 1.0000
2026-04-07 16:37:19 - INFO - Epoch 274/500 | Train Loss: 0.0034 | Val Loss: 0.0030 | Precision: 0.9971 | Recall: 1.0000
2026-04-07 16:37:42 - INFO - Epoch 275/500 | Train Loss: 0.0033 | Val Loss: 0.0005 | Precision: 1.0000 | Recall: 1.0000
2026-04-07 16:38:05 - INFO - Epoch 276/500 | Train Loss: 0.0001 | Val Loss: 0.0003 | Precision: 1.0000 | Recall: 1.0000
2026-04-07 16:38:28 - INFO - Epoch 277/500 | Train Loss: 0.0001 | Val Loss: 0.0015 | Precision: 1.0000 | Recall: 1.0000
2026-04-07 16:38:51 - INFO - Epoch 278/500 | Train Loss: 0.0041 | Val Loss: 0.0101 | Precision: 1.0000 | Recall: 0.9971
2026-04-07 16:39:14 - INFO - Epoch 279/500 | Train Loss: 0.0033 | Val Loss: 0.0020 | Precision: 1.0000 | Recall: 0.9971
2026-04-07 16:39:37 - INFO - Epoch 280/500 | Train Loss: 0.0002 | Val Loss: 0.0007 | Precision: 1.0000 | Recall: 1.0000
2026-04-07 16:40:00 - INFO - Epoch 281/500 | Train Loss: 0.0000 | Val Loss: 0.0011 | Precision: 1.0000 | Recall: 0.9971
2026-04-07 16:40:23 - INFO - Epoch 282/500 | Train Loss: 0.0027 | Val Loss: 0.0011 | Precision: 1.0000 | Recall: 1.0000
2026-04-07 16:40:46 - INFO - Epoch 283/500 | Train Loss: 0.0146 | Val Loss: 0.0016 | Precision: 1.0000 | Recall: 0.9971
2026-04-07 16:41:08 - INFO - Epoch 284/500 | Train Loss: 0.0006 | Val Loss: 0.0030 | Precision: 1.0000 | Recall: 0.9971
2026-04-07 16:41:31 - INFO - Epoch 285/500 | Train Loss: 0.0079 | Val Loss: 0.0052 | Precision: 1.0000 | Recall: 0.9971
2026-04-07 16:41:54 - INFO - Epoch 286/500 | Train Loss: 0.0020 | Val Loss: 0.0017 | Precision: 1.0000 | Recall: 0.9971
2026-04-07 16:42:17 - INFO - Epoch 287/500 | Train Loss: 0.0040 | Val Loss: 0.0064 | Precision: 1.0000 | Recall: 0.9971
2026-04-07 16:42:40 - INFO - Epoch 288/500 | Train Loss: 0.0021 | Val Loss: 0.0145 | Precision: 1.0000 | Recall: 0.9971
2026-04-07 16:43:03 - INFO - Epoch 289/500 | Train Loss: 0.0297 | Val Loss: 0.0184 | Precision: 1.0000 | Recall: 0.9971
2026-04-07 16:43:26 - INFO - Epoch 290/500 | Train Loss: 0.0043 | Val Loss: 0.0210 | Precision: 1.0000 | Recall: 0.9971
2026-04-07 16:43:49 - INFO - Epoch 291/500 | Train Loss: 0.0019 | Val Loss: 0.0152 | Precision: 1.0000 | Recall: 0.9971
2026-04-07 16:44:11 - INFO - Epoch 292/500 | Train Loss: 0.0007 | Val Loss: 0.0213 | Precision: 1.0000 | Recall: 0.9971
2026-04-07 16:44:34 - INFO - Epoch 293/500 | Train Loss: 0.0012 | Val Loss: 0.0077 | Precision: 1.0000 | Recall: 0.9971
2026-04-07 16:44:57 - INFO - Epoch 294/500 | Train Loss: 0.0111 | Val Loss: 0.0050 | Precision: 1.0000 | Recall: 0.9971
2026-04-07 16:45:20 - INFO - Epoch 295/500 | Train Loss: 0.0155 | Val Loss: 0.0070 | Precision: 1.0000 | Recall: 0.9971
2026-04-07 16:45:43 - INFO - Epoch 296/500 | Train Loss: 0.0016 | Val Loss: 0.0086 | Precision: 1.0000 | Recall: 0.9971
2026-04-07 16:46:06 - INFO - Epoch 297/500 | Train Loss: 0.0049 | Val Loss: 0.0130 | Precision: 1.0000 | Recall: 0.9971
2026-04-07 16:46:29 - INFO - Epoch 298/500 | Train Loss: 0.0003 | Val Loss: 0.0066 | Precision: 1.0000 | Recall: 0.9971
2026-04-07 16:46:52 - INFO - Epoch 299/500 | Train Loss: 0.0114 | Val Loss: 0.0091 | Precision: 1.0000 | Recall: 0.9971
2026-04-07 16:47:15 - INFO - Epoch 300/500 | Train Loss: 0.0014 | Val Loss: 0.0046 | Precision: 1.0000 | Recall: 0.9971
2026-04-07 16:47:38 - INFO - Epoch 301/500 | Train Loss: 0.0003 | Val Loss: 0.0047 | Precision: 1.0000 | Recall: 0.9971
2026-04-07 16:48:00 - INFO - Epoch 302/500 | Train Loss: 0.0000 | Val Loss: 0.0038 | Precision: 1.0000 | Recall: 0.9971
2026-04-07 16:48:23 - INFO - Epoch 303/500 | Train Loss: 0.0008 | Val Loss: 0.0024 | Precision: 1.0000 | Recall: 0.9971
2026-04-07 16:48:46 - INFO - Epoch 304/500 | Train Loss: 0.0026 | Val Loss: 0.0082 | Precision: 1.0000 | Recall: 0.9971
2026-04-07 16:49:09 - INFO - Epoch 305/500 | Train Loss: 0.0027 | Val Loss: 0.0114 | Precision: 1.0000 | Recall: 0.9942
2026-04-07 16:49:32 - INFO - Epoch 306/500 | Train Loss: 0.0046 | Val Loss: 0.0088 | Precision: 1.0000 | Recall: 0.9942
2026-04-07 16:49:55 - INFO - Epoch 307/500 | Train Loss: 0.0063 | Val Loss: 0.0109 | Precision: 1.0000 | Recall: 0.9971
2026-04-07 16:50:18 - INFO - Epoch 308/500 | Train Loss: 0.0012 | Val Loss: 0.0100 | Precision: 1.0000 | Recall: 0.9971
2026-04-07 16:50:41 - INFO - Epoch 309/500 | Train Loss: 0.0019 | Val Loss: 0.0080 | Precision: 1.0000 | Recall: 0.9971
2026-04-07 16:51:04 - INFO - Epoch 310/500 | Train Loss: 0.0030 | Val Loss: 0.0064 | Precision: 1.0000 | Recall: 0.9971
2026-04-07 16:51:26 - INFO - Epoch 311/500 | Train Loss: 0.0009 | Val Loss: 0.0066 | Precision: 1.0000 | Recall: 0.9971
2026-04-07 16:51:49 - INFO - Epoch 312/500 | Train Loss: 0.0031 | Val Loss: 0.0058 | Precision: 1.0000 | Recall: 0.9971
2026-04-07 16:52:12 - INFO - Epoch 313/500 | Train Loss: 0.0000 | Val Loss: 0.0043 | Precision: 1.0000 | Recall: 0.9971
2026-04-07 16:52:35 - INFO - Epoch 314/500 | Train Loss: 0.0000 | Val Loss: 0.0047 | Precision: 1.0000 | Recall: 0.9971
2026-04-07 16:52:58 - INFO - Epoch 315/500 | Train Loss: 0.0001 | Val Loss: 0.0044 | Precision: 1.0000 | Recall: 0.9971
2026-04-07 16:53:21 - INFO - Epoch 316/500 | Train Loss: 0.0000 | Val Loss: 0.0027 | Precision: 1.0000 | Recall: 0.9971
2026-04-07 16:53:44 - INFO - Epoch 317/500 | Train Loss: 0.0034 | Val Loss: 0.0028 | Precision: 1.0000 | Recall: 0.9971
2026-04-07 16:54:06 - INFO - Epoch 318/500 | Train Loss: 0.0074 | Val Loss: 0.0044 | Precision: 1.0000 | Recall: 0.9971
2026-04-07 16:54:29 - INFO - Epoch 319/500 | Train Loss: 0.0218 | Val Loss: 0.0017 | Precision: 1.0000 | Recall: 0.9971
2026-04-07 16:54:52 - INFO - Epoch 320/500 | Train Loss: 0.0036 | Val Loss: 0.0001 | Precision: 1.0000 | Recall: 1.0000
2026-04-07 16:55:15 - INFO - Epoch 321/500 | Train Loss: 0.0009 | Val Loss: 0.0015 | Precision: 1.0000 | Recall: 0.9971
2026-04-07 16:55:38 - INFO - Epoch 322/500 | Train Loss: 0.0002 | Val Loss: 0.0001 | Precision: 1.0000 | Recall: 1.0000
2026-04-07 16:56:01 - INFO - Epoch 323/500 | Train Loss: 0.0006 | Val Loss: 0.0001 | Precision: 1.0000 | Recall: 1.0000
2026-04-07 16:56:24 - INFO - Epoch 324/500 | Train Loss: 0.0071 | Val Loss: 0.0084 | Precision: 1.0000 | Recall: 0.9942
2026-04-07 16:56:46 - INFO - Epoch 325/500 | Train Loss: 0.0001 | Val Loss: 0.0086 | Precision: 1.0000 | Recall: 0.9942
2026-04-07 16:57:09 - INFO - Epoch 326/500 | Train Loss: 0.0013 | Val Loss: 0.0041 | Precision: 1.0000 | Recall: 0.9942
2026-04-07 16:57:32 - INFO - Epoch 327/500 | Train Loss: 0.0000 | Val Loss: 0.0038 | Precision: 1.0000 | Recall: 0.9942
2026-04-07 16:57:55 - INFO - Epoch 328/500 | Train Loss: 0.0001 | Val Loss: 0.0013 | Precision: 1.0000 | Recall: 1.0000
2026-04-07 16:58:18 - INFO - Epoch 329/500 | Train Loss: 0.0002 | Val Loss: 0.0045 | Precision: 1.0000 | Recall: 0.9942
2026-04-07 16:58:41 - INFO - Epoch 330/500 | Train Loss: 0.0007 | Val Loss: 0.0000 | Precision: 1.0000 | Recall: 1.0000
2026-04-07 16:59:04 - INFO - Epoch 331/500 | Train Loss: 0.0260 | Val Loss: 0.0001 | Precision: 1.0000 | Recall: 1.0000
2026-04-07 16:59:27 - INFO - Epoch 332/500 | Train Loss: 0.0022 | Val Loss: 0.0025 | Precision: 1.0000 | Recall: 0.9971
2026-04-07 16:59:49 - INFO - Epoch 333/500 | Train Loss: 0.0003 | Val Loss: 0.0050 | Precision: 1.0000 | Recall: 0.9971
2026-04-07 17:00:12 - INFO - Epoch 334/500 | Train Loss: 0.0001 | Val Loss: 0.0043 | Precision: 1.0000 | Recall: 0.9971
2026-04-07 17:00:35 - INFO - Epoch 335/500 | Train Loss: 0.0026 | Val Loss: 0.0000 | Precision: 1.0000 | Recall: 1.0000
2026-04-07 17:00:58 - INFO - Epoch 336/500 | Train Loss: 0.0001 | Val Loss: 0.0001 | Precision: 1.0000 | Recall: 1.0000
2026-04-07 17:01:21 - INFO - Epoch 337/500 | Train Loss: 0.0001 | Val Loss: 0.0000 | Precision: 1.0000 | Recall: 1.0000
2026-04-07 17:01:44 - INFO - Epoch 338/500 | Train Loss: 0.0091 | Val Loss: 0.0103 | Precision: 1.0000 | Recall: 0.9971
2026-04-07 17:02:07 - INFO - Epoch 339/500 | Train Loss: 0.0043 | Val Loss: 0.0000 | Precision: 1.0000 | Recall: 1.0000
2026-04-07 17:02:30 - INFO - Epoch 340/500 | Train Loss: 0.0001 | Val Loss: 0.0001 | Precision: 1.0000 | Recall: 1.0000
2026-04-07 17:02:53 - INFO - Epoch 341/500 | Train Loss: 0.0001 | Val Loss: 0.0010 | Precision: 1.0000 | Recall: 1.0000
2026-04-07 17:03:17 - INFO - Epoch 342/500 | Train Loss: 0.0016 | Val Loss: 0.0000 | Precision: 1.0000 | Recall: 1.0000
2026-04-07 17:03:40 - INFO - Epoch 343/500 | Train Loss: 0.0002 | Val Loss: 0.0033 | Precision: 1.0000 | Recall: 0.9971
2026-04-07 17:04:03 - INFO - Epoch 344/500 | Train Loss: 0.0000 | Val Loss: 0.0077 | Precision: 1.0000 | Recall: 0.9942
2026-04-07 17:04:26 - INFO - Epoch 345/500 | Train Loss: 0.0088 | Val Loss: 0.0000 | Precision: 1.0000 | Recall: 1.0000
2026-04-07 17:04:49 - INFO - Epoch 346/500 | Train Loss: 0.0001 | Val Loss: 0.0000 | Precision: 1.0000 | Recall: 1.0000
2026-04-07 17:05:13 - INFO - Epoch 347/500 | Train Loss: 0.0068 | Val Loss: 0.0001 | Precision: 1.0000 | Recall: 1.0000
2026-04-07 17:05:36 - INFO - Epoch 348/500 | Train Loss: 0.0002 | Val Loss: 0.0000 | Precision: 1.0000 | Recall: 1.0000
2026-04-07 17:05:58 - INFO - Epoch 349/500 | Train Loss: 0.0001 | Val Loss: 0.0000 | Precision: 1.0000 | Recall: 1.0000
2026-04-07 17:06:21 - INFO - Epoch 350/500 | Train Loss: 0.0000 | Val Loss: 0.0000 | Precision: 1.0000 | Recall: 1.0000
2026-04-07 17:06:44 - INFO - Epoch 351/500 | Train Loss: 0.0000 | Val Loss: 0.0000 | Precision: 1.0000 | Recall: 1.0000
2026-04-07 17:07:07 - INFO - Epoch 352/500 | Train Loss: 0.0091 | Val Loss: 0.0236 | Precision: 1.0000 | Recall: 0.9884
2026-04-07 17:07:30 - INFO - Epoch 353/500 | Train Loss: 0.0062 | Val Loss: 0.0222 | Precision: 1.0000 | Recall: 0.9942
2026-04-07 17:07:53 - INFO - Epoch 354/500 | Train Loss: 0.0035 | Val Loss: 0.0022 | Precision: 1.0000 | Recall: 0.9971
2026-04-07 17:08:16 - INFO - Epoch 355/500 | Train Loss: 0.0288 | Val Loss: 0.0016 | Precision: 1.0000 | Recall: 0.9971
2026-04-07 17:08:39 - INFO - Epoch 356/500 | Train Loss: 0.0008 | Val Loss: 0.0039 | Precision: 1.0000 | Recall: 0.9971
2026-04-07 17:09:02 - INFO - Epoch 357/500 | Train Loss: 0.0126 | Val Loss: 0.0002 | Precision: 1.0000 | Recall: 1.0000
2026-04-07 17:09:25 - INFO - Epoch 358/500 | Train Loss: 0.0025 | Val Loss: 0.0000 | Precision: 1.0000 | Recall: 1.0000
2026-04-07 17:09:48 - INFO - Epoch 359/500 | Train Loss: 0.0058 | Val Loss: 0.0013 | Precision: 0.9971 | Recall: 1.0000
2026-04-07 17:10:11 - INFO - Epoch 360/500 | Train Loss: 0.0003 | Val Loss: 0.0006 | Precision: 1.0000 | Recall: 1.0000
2026-04-07 17:10:34 - INFO - Epoch 361/500 | Train Loss: 0.0075 | Val Loss: 0.0003 | Precision: 1.0000 | Recall: 1.0000
2026-04-07 17:10:57 - INFO - Epoch 362/500 | Train Loss: 0.0007 | Val Loss: 0.0001 | Precision: 1.0000 | Recall: 1.0000
2026-04-07 17:11:20 - INFO - Epoch 363/500 | Train Loss: 0.0004 | Val Loss: 0.0000 | Precision: 1.0000 | Recall: 1.0000
2026-04-07 17:11:43 - INFO - Epoch 364/500 | Train Loss: 0.0024 | Val Loss: 0.0000 | Precision: 1.0000 | Recall: 1.0000
2026-04-07 17:12:06 - INFO - Epoch 365/500 | Train Loss: 0.0041 | Val Loss: 0.0000 | Precision: 1.0000 | Recall: 1.0000
2026-04-07 17:12:29 - INFO - Epoch 366/500 | Train Loss: 0.0004 | Val Loss: 0.0001 | Precision: 1.0000 | Recall: 1.0000
2026-04-07 17:12:52 - INFO - Epoch 367/500 | Train Loss: 0.0016 | Val Loss: 0.0000 | Precision: 1.0000 | Recall: 1.0000
2026-04-07 17:13:15 - INFO - Epoch 368/500 | Train Loss: 0.0053 | Val Loss: 0.0001 | Precision: 1.0000 | Recall: 1.0000
2026-04-07 17:13:38 - INFO - Epoch 369/500 | Train Loss: 0.0023 | Val Loss: 0.0002 | Precision: 1.0000 | Recall: 1.0000
2026-04-07 17:14:01 - INFO - Epoch 370/500 | Train Loss: 0.0009 | Val Loss: 0.0008 | Precision: 1.0000 | Recall: 1.0000
2026-04-07 17:14:24 - INFO - Epoch 371/500 | Train Loss: 0.0004 | Val Loss: 0.0000 | Precision: 1.0000 | Recall: 1.0000
2026-04-07 17:14:47 - INFO - Epoch 372/500 | Train Loss: 0.0007 | Val Loss: 0.0041 | Precision: 1.0000 | Recall: 0.9971
2026-04-07 17:15:10 - INFO - Epoch 373/500 | Train Loss: 0.0001 | Val Loss: 0.0043 | Precision: 1.0000 | Recall: 0.9971
2026-04-07 17:15:33 - INFO - Epoch 374/500 | Train Loss: 0.0029 | Val Loss: 0.0069 | Precision: 1.0000 | Recall: 0.9942
2026-04-07 17:15:56 - INFO - Epoch 375/500 | Train Loss: 0.0130 | Val Loss: 0.0002 | Precision: 1.0000 | Recall: 1.0000
2026-04-07 17:16:19 - INFO - Epoch 376/500 | Train Loss: 0.0011 | Val Loss: 0.0014 | Precision: 1.0000 | Recall: 0.9971
2026-04-07 17:16:42 - INFO - Epoch 377/500 | Train Loss: 0.0001 | Val Loss: 0.0054 | Precision: 1.0000 | Recall: 0.9971
2026-04-07 17:17:05 - INFO - Epoch 378/500 | Train Loss: 0.0001 | Val Loss: 0.0059 | Precision: 1.0000 | Recall: 0.9971
2026-04-07 17:17:28 - INFO - Epoch 379/500 | Train Loss: 0.0063 | Val Loss: 0.0044 | Precision: 1.0000 | Recall: 0.9942
2026-04-07 17:17:51 - INFO - Epoch 380/500 | Train Loss: 0.0001 | Val Loss: 0.0080 | Precision: 1.0000 | Recall: 0.9942
2026-04-07 17:18:13 - INFO - Epoch 381/500 | Train Loss: 0.0010 | Val Loss: 0.0027 | Precision: 1.0000 | Recall: 0.9942
2026-04-07 17:18:36 - INFO - Epoch 382/500 | Train Loss: 0.0034 | Val Loss: 0.0510 | Precision: 1.0000 | Recall: 0.9913
2026-04-07 17:18:59 - INFO - Epoch 383/500 | Train Loss: 0.0028 | Val Loss: 0.0055 | Precision: 1.0000 | Recall: 0.9971
2026-04-07 17:19:22 - INFO - Epoch 384/500 | Train Loss: 0.0015 | Val Loss: 0.0396 | Precision: 1.0000 | Recall: 0.9942
2026-04-07 17:19:45 - INFO - Epoch 385/500 | Train Loss: 0.0002 | Val Loss: 0.0171 | Precision: 1.0000 | Recall: 0.9913
2026-04-07 17:20:08 - INFO - Epoch 386/500 | Train Loss: 0.0040 | Val Loss: 0.0063 | Precision: 1.0000 | Recall: 0.9942
2026-04-07 17:20:31 - INFO - Epoch 387/500 | Train Loss: 0.0020 | Val Loss: 0.0034 | Precision: 1.0000 | Recall: 0.9971
2026-04-07 17:20:54 - INFO - Epoch 388/500 | Train Loss: 0.0033 | Val Loss: 0.0035 | Precision: 1.0000 | Recall: 0.9971
2026-04-07 17:21:17 - INFO - Epoch 389/500 | Train Loss: 0.0726 | Val Loss: 0.0233 | Precision: 1.0000 | Recall: 0.9913
2026-04-07 17:21:40 - INFO - Epoch 390/500 | Train Loss: 0.0041 | Val Loss: 0.0168 | Precision: 1.0000 | Recall: 0.9971
2026-04-07 17:22:03 - INFO - Epoch 391/500 | Train Loss: 0.0007 | Val Loss: 0.0330 | Precision: 1.0000 | Recall: 0.9942
2026-04-07 17:22:26 - INFO - Epoch 392/500 | Train Loss: 0.0039 | Val Loss: 0.0264 | Precision: 1.0000 | Recall: 0.9913
2026-04-07 17:22:49 - INFO - Epoch 393/500 | Train Loss: 0.0048 | Val Loss: 0.0368 | Precision: 1.0000 | Recall: 0.9942
2026-04-07 17:23:12 - INFO - Epoch 394/500 | Train Loss: 0.0042 | Val Loss: 0.0187 | Precision: 1.0000 | Recall: 0.9942
2026-04-07 17:23:34 - INFO - Epoch 395/500 | Train Loss: 0.0007 | Val Loss: 0.0351 | Precision: 1.0000 | Recall: 0.9913
2026-04-07 17:23:57 - INFO - Epoch 396/500 | Train Loss: 0.0007 | Val Loss: 0.0382 | Precision: 1.0000 | Recall: 0.9913
2026-04-07 17:24:20 - INFO - Epoch 397/500 | Train Loss: 0.0034 | Val Loss: 0.0416 | Precision: 1.0000 | Recall: 0.9913
2026-04-07 17:24:43 - INFO - Epoch 398/500 | Train Loss: 0.0022 | Val Loss: 0.0596 | Precision: 1.0000 | Recall: 0.9913
2026-04-07 17:25:06 - INFO - Epoch 399/500 | Train Loss: 0.0004 | Val Loss: 0.0740 | Precision: 1.0000 | Recall: 0.9913
2026-04-07 17:25:29 - INFO - Epoch 400/500 | Train Loss: 0.0001 | Val Loss: 0.0428 | Precision: 1.0000 | Recall: 0.9913
2026-04-07 17:25:52 - INFO - Epoch 401/500 | Train Loss: 0.0008 | Val Loss: 0.0539 | Precision: 1.0000 | Recall: 0.9913
2026-04-07 17:26:15 - INFO - Epoch 402/500 | Train Loss: 0.0031 | Val Loss: 0.0065 | Precision: 1.0000 | Recall: 0.9971
2026-04-07 17:26:38 - INFO - Epoch 403/500 | Train Loss: 0.0001 | Val Loss: 0.0106 | Precision: 1.0000 | Recall: 0.9942
2026-04-07 17:27:01 - INFO - Epoch 404/500 | Train Loss: 0.0000 | Val Loss: 0.0103 | Precision: 1.0000 | Recall: 0.9942
2026-04-07 17:27:23 - INFO - Epoch 405/500 | Train Loss: 0.0042 | Val Loss: 0.0058 | Precision: 1.0000 | Recall: 0.9971
2026-04-07 17:27:46 - INFO - Epoch 406/500 | Train Loss: 0.0021 | Val Loss: 0.0628 | Precision: 1.0000 | Recall: 0.9942
2026-04-07 17:28:09 - INFO - Epoch 407/500 | Train Loss: 0.0075 | Val Loss: 0.0031 | Precision: 1.0000 | Recall: 0.9971
2026-04-07 17:28:32 - INFO - Epoch 408/500 | Train Loss: 0.0008 | Val Loss: 0.0202 | Precision: 1.0000 | Recall: 0.9942
2026-04-07 17:28:55 - INFO - Epoch 409/500 | Train Loss: 0.0001 | Val Loss: 0.0360 | Precision: 1.0000 | Recall: 0.9942
2026-04-07 17:29:18 - INFO - Epoch 410/500 | Train Loss: 0.0057 | Val Loss: 0.0081 | Precision: 1.0000 | Recall: 0.9971
2026-04-07 17:29:40 - INFO - Epoch 411/500 | Train Loss: 0.0009 | Val Loss: 0.0091 | Precision: 1.0000 | Recall: 0.9942
2026-04-07 17:30:03 - INFO - Epoch 412/500 | Train Loss: 0.0000 | Val Loss: 0.0123 | Precision: 1.0000 | Recall: 0.9942
2026-04-07 17:30:26 - INFO - Epoch 413/500 | Train Loss: 0.0053 | Val Loss: 0.0001 | Precision: 1.0000 | Recall: 1.0000
2026-04-07 17:30:49 - INFO - Epoch 414/500 | Train Loss: 0.0076 | Val Loss: 0.0160 | Precision: 1.0000 | Recall: 0.9942
2026-04-07 17:31:12 - INFO - Epoch 415/500 | Train Loss: 0.0001 | Val Loss: 0.0346 | Precision: 1.0000 | Recall: 0.9942
2026-04-07 17:31:35 - INFO - Epoch 416/500 | Train Loss: 0.0001 | Val Loss: 0.0364 | Precision: 1.0000 | Recall: 0.9942
2026-04-07 17:31:58 - INFO - Epoch 417/500 | Train Loss: 0.0073 | Val Loss: 0.0172 | Precision: 1.0000 | Recall: 0.9942
2026-04-07 17:32:21 - INFO - Epoch 418/500 | Train Loss: 0.0027 | Val Loss: 0.0148 | Precision: 1.0000 | Recall: 0.9942
2026-04-07 17:32:44 - INFO - Epoch 419/500 | Train Loss: 0.0008 | Val Loss: 0.0285 | Precision: 1.0000 | Recall: 0.9942
2026-04-07 17:33:07 - INFO - Epoch 420/500 | Train Loss: 0.0001 | Val Loss: 0.0288 | Precision: 1.0000 | Recall: 0.9942
2026-04-07 17:33:29 - INFO - Epoch 421/500 | Train Loss: 0.0010 | Val Loss: 0.0205 | Precision: 1.0000 | Recall: 0.9942
2026-04-07 17:33:52 - INFO - Epoch 422/500 | Train Loss: 0.0016 | Val Loss: 0.0157 | Precision: 0.9971 | Recall: 0.9971
2026-04-07 17:34:15 - INFO - Epoch 423/500 | Train Loss: 0.0011 | Val Loss: 0.0219 | Precision: 0.9971 | Recall: 0.9942
2026-04-07 17:34:38 - INFO - Epoch 424/500 | Train Loss: 0.0002 | Val Loss: 0.0330 | Precision: 0.9971 | Recall: 0.9942
2026-04-07 17:35:01 - INFO - Epoch 425/500 | Train Loss: 0.0000 | Val Loss: 0.0175 | Precision: 0.9971 | Recall: 0.9942
2026-04-07 17:35:24 - INFO - Epoch 426/500 | Train Loss: 0.0071 | Val Loss: 0.0340 | Precision: 1.0000 | Recall: 0.9942
2026-04-07 17:35:47 - INFO - Epoch 427/500 | Train Loss: 0.0015 | Val Loss: 0.0059 | Precision: 1.0000 | Recall: 0.9971
2026-04-07 17:36:10 - INFO - Epoch 428/500 | Train Loss: 0.0004 | Val Loss: 0.0370 | Precision: 1.0000 | Recall: 0.9942
2026-04-07 17:36:33 - INFO - Epoch 429/500 | Train Loss: 0.0022 | Val Loss: 0.0484 | Precision: 1.0000 | Recall: 0.9942
2026-04-07 17:36:56 - INFO - Epoch 430/500 | Train Loss: 0.0060 | Val Loss: 0.0420 | Precision: 1.0000 | Recall: 0.9942
2026-04-07 17:37:19 - INFO - Epoch 431/500 | Train Loss: 0.0041 | Val Loss: 0.0508 | Precision: 1.0000 | Recall: 0.9971
2026-04-07 17:37:42 - INFO - Epoch 432/500 | Train Loss: 0.0009 | Val Loss: 0.0504 | Precision: 1.0000 | Recall: 0.9971
2026-04-07 17:38:05 - INFO - Epoch 433/500 | Train Loss: 0.0006 | Val Loss: 0.0381 | Precision: 1.0000 | Recall: 0.9971
2026-04-07 17:38:27 - INFO - Epoch 434/500 | Train Loss: 0.0000 | Val Loss: 0.0475 | Precision: 1.0000 | Recall: 0.9971
2026-04-07 17:38:50 - INFO - Epoch 435/500 | Train Loss: 0.0002 | Val Loss: 0.0780 | Precision: 1.0000 | Recall: 0.9942
2026-04-07 17:39:13 - INFO - Epoch 436/500 | Train Loss: 0.0010 | Val Loss: 0.0432 | Precision: 1.0000 | Recall: 0.9942
2026-04-07 17:39:36 - INFO - Epoch 437/500 | Train Loss: 0.0081 | Val Loss: 0.0472 | Precision: 1.0000 | Recall: 0.9913
2026-04-07 17:39:59 - INFO - Epoch 438/500 | Train Loss: 0.0088 | Val Loss: 0.0179 | Precision: 1.0000 | Recall: 0.9942
2026-04-07 17:40:22 - INFO - Epoch 439/500 | Train Loss: 0.0056 | Val Loss: 0.0015 | Precision: 1.0000 | Recall: 0.9971
2026-04-07 17:40:45 - INFO - Epoch 440/500 | Train Loss: 0.0071 | Val Loss: 0.0369 | Precision: 1.0000 | Recall: 0.9942
2026-04-07 17:41:08 - INFO - Epoch 441/500 | Train Loss: 0.0030 | Val Loss: 0.0186 | Precision: 1.0000 | Recall: 0.9971
2026-04-07 17:41:31 - INFO - Epoch 442/500 | Train Loss: 0.0001 | Val Loss: 0.0189 | Precision: 1.0000 | Recall: 0.9971
2026-04-07 17:41:54 - INFO - Epoch 443/500 | Train Loss: 0.0092 | Val Loss: 0.0055 | Precision: 1.0000 | Recall: 0.9971
2026-04-07 17:42:17 - INFO - Epoch 444/500 | Train Loss: 0.0060 | Val Loss: 0.0051 | Precision: 1.0000 | Recall: 0.9971
2026-04-07 17:42:40 - INFO - Epoch 445/500 | Train Loss: 0.0004 | Val Loss: 0.0104 | Precision: 1.0000 | Recall: 0.9971
2026-04-07 17:43:03 - INFO - Epoch 446/500 | Train Loss: 0.0001 | Val Loss: 0.0068 | Precision: 1.0000 | Recall: 0.9971
2026-04-07 17:43:26 - INFO - Epoch 447/500 | Train Loss: 0.0001 | Val Loss: 0.0077 | Precision: 1.0000 | Recall: 0.9971
2026-04-07 17:43:49 - INFO - Epoch 448/500 | Train Loss: 0.0000 | Val Loss: 0.0118 | Precision: 1.0000 | Recall: 0.9971
2026-04-07 17:44:12 - INFO - Epoch 449/500 | Train Loss: 0.0001 | Val Loss: 0.0035 | Precision: 1.0000 | Recall: 0.9971
2026-04-07 17:44:34 - INFO - Epoch 450/500 | Train Loss: 0.0000 | Val Loss: 0.0044 | Precision: 1.0000 | Recall: 0.9971
2026-04-07 17:44:57 - INFO - Epoch 451/500 | Train Loss: 0.0000 | Val Loss: 0.0065 | Precision: 1.0000 | Recall: 0.9971
2026-04-07 17:45:20 - INFO - Epoch 452/500 | Train Loss: 0.0038 | Val Loss: 0.0178 | Precision: 1.0000 | Recall: 0.9942
2026-04-07 17:45:43 - INFO - Epoch 453/500 | Train Loss: 0.0031 | Val Loss: 0.0048 | Precision: 1.0000 | Recall: 0.9971
2026-04-07 17:46:06 - INFO - Epoch 454/500 | Train Loss: 0.0001 | Val Loss: 0.0111 | Precision: 1.0000 | Recall: 0.9942
2026-04-07 17:46:29 - INFO - Epoch 455/500 | Train Loss: 0.0001 | Val Loss: 0.0018 | Precision: 1.0000 | Recall: 0.9971
2026-04-07 17:46:52 - INFO - Epoch 456/500 | Train Loss: 0.0000 | Val Loss: 0.0004 | Precision: 1.0000 | Recall: 1.0000
2026-04-07 17:47:15 - INFO - Epoch 457/500 | Train Loss: 0.0015 | Val Loss: 0.0020 | Precision: 1.0000 | Recall: 0.9971
2026-04-07 17:47:38 - INFO - Epoch 458/500 | Train Loss: 0.0009 | Val Loss: 0.0035 | Precision: 1.0000 | Recall: 0.9971
2026-04-07 17:48:00 - INFO - Epoch 459/500 | Train Loss: 0.0005 | Val Loss: 0.0238 | Precision: 1.0000 | Recall: 0.9942
2026-04-07 17:48:23 - INFO - Epoch 460/500 | Train Loss: 0.0120 | Val Loss: 0.0066 | Precision: 1.0000 | Recall: 0.9942
2026-04-07 17:48:46 - INFO - Epoch 461/500 | Train Loss: 0.0111 | Val Loss: 0.0270 | Precision: 1.0000 | Recall: 0.9942
2026-04-07 17:49:09 - INFO - Epoch 462/500 | Train Loss: 0.0079 | Val Loss: 0.0008 | Precision: 1.0000 | Recall: 1.0000
2026-04-07 17:49:32 - INFO - Epoch 463/500 | Train Loss: 0.0050 | Val Loss: 0.0039 | Precision: 1.0000 | Recall: 0.9971
2026-04-07 17:49:55 - INFO - Epoch 464/500 | Train Loss: 0.0233 | Val Loss: 0.0341 | Precision: 1.0000 | Recall: 0.9942
2026-04-07 17:50:18 - INFO - Epoch 465/500 | Train Loss: 0.0006 | Val Loss: 0.0162 | Precision: 1.0000 | Recall: 0.9971
2026-04-07 17:50:41 - INFO - Epoch 466/500 | Train Loss: 0.0003 | Val Loss: 0.0184 | Precision: 1.0000 | Recall: 0.9971
2026-04-07 17:51:04 - INFO - Epoch 467/500 | Train Loss: 0.0003 | Val Loss: 0.0152 | Precision: 1.0000 | Recall: 0.9971
2026-04-07 17:51:27 - INFO - Epoch 468/500 | Train Loss: 0.0011 | Val Loss: 0.0357 | Precision: 1.0000 | Recall: 0.9942
2026-04-07 17:51:49 - INFO - Epoch 469/500 | Train Loss: 0.0031 | Val Loss: 0.0953 | Precision: 1.0000 | Recall: 0.9942
2026-04-07 17:52:12 - INFO - Epoch 470/500 | Train Loss: 0.0028 | Val Loss: 0.0072 | Precision: 1.0000 | Recall: 0.9971
2026-04-07 17:52:35 - INFO - Epoch 471/500 | Train Loss: 0.0136 | Val Loss: 0.0415 | Precision: 1.0000 | Recall: 0.9942
2026-04-07 17:52:58 - INFO - Epoch 472/500 | Train Loss: 0.0039 | Val Loss: 0.0263 | Precision: 1.0000 | Recall: 0.9942
2026-04-07 17:53:21 - INFO - Epoch 473/500 | Train Loss: 0.0079 | Val Loss: 0.0134 | Precision: 1.0000 | Recall: 0.9942
2026-04-07 17:53:44 - INFO - Epoch 474/500 | Train Loss: 0.0075 | Val Loss: 0.0192 | Precision: 1.0000 | Recall: 0.9971
2026-04-07 17:54:07 - INFO - Epoch 475/500 | Train Loss: 0.0064 | Val Loss: 0.0736 | Precision: 1.0000 | Recall: 0.9884
2026-04-07 17:54:30 - INFO - Epoch 476/500 | Train Loss: 0.0125 | Val Loss: 0.0218 | Precision: 1.0000 | Recall: 0.9942
2026-04-07 17:54:53 - INFO - Epoch 477/500 | Train Loss: 0.0018 | Val Loss: 0.0159 | Precision: 1.0000 | Recall: 0.9942
2026-04-07 17:55:16 - INFO - Epoch 478/500 | Train Loss: 0.0067 | Val Loss: 0.0345 | Precision: 1.0000 | Recall: 0.9942
2026-04-07 17:55:39 - INFO - Epoch 479/500 | Train Loss: 0.0013 | Val Loss: 0.0394 | Precision: 1.0000 | Recall: 0.9942
2026-04-07 17:56:02 - INFO - Epoch 480/500 | Train Loss: 0.0025 | Val Loss: 0.0441 | Precision: 1.0000 | Recall: 0.9942
2026-04-07 17:56:25 - INFO - Epoch 481/500 | Train Loss: 0.0000 | Val Loss: 0.0476 | Precision: 1.0000 | Recall: 0.9942
2026-04-07 17:56:48 - INFO - Epoch 482/500 | Train Loss: 0.0042 | Val Loss: 0.0278 | Precision: 1.0000 | Recall: 0.9942
2026-04-07 17:57:11 - INFO - Epoch 483/500 | Train Loss: 0.0092 | Val Loss: 0.0300 | Precision: 1.0000 | Recall: 0.9942
2026-04-07 17:57:33 - INFO - Epoch 484/500 | Train Loss: 0.0040 | Val Loss: 0.0184 | Precision: 1.0000 | Recall: 0.9942
2026-04-07 17:57:56 - INFO - Epoch 485/500 | Train Loss: 0.0026 | Val Loss: 0.0137 | Precision: 1.0000 | Recall: 0.9971
2026-04-07 17:58:19 - INFO - Epoch 486/500 | Train Loss: 0.0016 | Val Loss: 0.0433 | Precision: 1.0000 | Recall: 0.9942
2026-04-07 17:58:42 - INFO - Epoch 487/500 | Train Loss: 0.0003 | Val Loss: 0.0426 | Precision: 1.0000 | Recall: 0.9942
2026-04-07 17:59:05 - INFO - Epoch 488/500 | Train Loss: 0.0041 | Val Loss: 0.0151 | Precision: 1.0000 | Recall: 0.9913
2026-04-07 17:59:28 - INFO - Epoch 489/500 | Train Loss: 0.0026 | Val Loss: 0.0003 | Precision: 1.0000 | Recall: 1.0000
2026-04-07 17:59:51 - INFO - Epoch 490/500 | Train Loss: 0.0011 | Val Loss: 0.0063 | Precision: 1.0000 | Recall: 0.9971
2026-04-07 18:00:14 - INFO - Epoch 491/500 | Train Loss: 0.0004 | Val Loss: 0.0213 | Precision: 1.0000 | Recall: 0.9971
2026-04-07 18:00:37 - INFO - Epoch 492/500 | Train Loss: 0.0006 | Val Loss: 0.0642 | Precision: 1.0000 | Recall: 0.9942
2026-04-07 18:01:00 - INFO - Epoch 493/500 | Train Loss: 0.0008 | Val Loss: 0.0234 | Precision: 0.9971 | Recall: 0.9942
2026-04-07 18:01:23 - INFO - Epoch 494/500 | Train Loss: 0.0101 | Val Loss: 0.0189 | Precision: 1.0000 | Recall: 0.9942
2026-04-07 18:01:46 - INFO - Epoch 495/500 | Train Loss: 0.0028 | Val Loss: 0.0246 | Precision: 1.0000 | Recall: 0.9942
2026-04-07 18:02:09 - INFO - Epoch 496/500 | Train Loss: 0.0033 | Val Loss: 0.0239 | Precision: 1.0000 | Recall: 0.9942
2026-04-07 18:02:32 - INFO - Epoch 497/500 | Train Loss: 0.0573 | Val Loss: 0.0048 | Precision: 1.0000 | Recall: 0.9971
2026-04-07 18:02:55 - INFO - Epoch 498/500 | Train Loss: 0.0022 | Val Loss: 0.0085 | Precision: 1.0000 | Recall: 0.9971
2026-04-07 18:03:18 - INFO - Epoch 499/500 | Train Loss: 0.0000 | Val Loss: 0.0083 | Precision: 1.0000 | Recall: 0.9971
2026-04-07 18:03:41 - INFO - Epoch 500/500 | Train Loss: 0.0006 | Val Loss: 0.0150 | Precision: 1.0000 | Recall: 0.9971
2026-04-07 18:03:41 - INFO - Training completed successfully.
