2026-04-15 11:20:45 - INFO - Experiment Name: exp_01
2026-04-15 11:20:45 - INFO - Starting training pipeline...
2026-04-15 11:20:46 - INFO - Using device: cuda
2026-04-15 11:20:46 - INFO - Seed is set to 42
2026-04-15 11:20:47 - INFO - Loss: BCEWithLogitsLoss()
2026-04-15 11:20:47 - INFO - LR: 0.001
2026-04-15 11:22:56 - INFO - Epoch 1/500 | Train Loss: 0.1957 | Val Loss: 0.0849 | Precision: 0.9806 | Recall: 0.9752
2026-04-15 11:24:47 - INFO - Epoch 2/500 | Train Loss: 0.0857 | Val Loss: 0.0263 | Precision: 0.9944 | Recall: 0.9862
2026-04-15 11:26:21 - INFO - Epoch 3/500 | Train Loss: 0.0446 | Val Loss: 0.0070 | Precision: 1.0000 | Recall: 0.9972
2026-04-15 11:27:42 - INFO - Epoch 4/500 | Train Loss: 0.0750 | Val Loss: 0.0158 | Precision: 1.0000 | Recall: 0.9917
2026-04-15 11:28:52 - INFO - Epoch 5/500 | Train Loss: 0.0581 | Val Loss: 0.0099 | Precision: 1.0000 | Recall: 1.0000
2026-04-15 11:30:03 - INFO - Epoch 6/500 | Train Loss: 0.0290 | Val Loss: 0.0025 | Precision: 1.0000 | Recall: 0.9972
2026-04-15 11:33:39 - INFO - Epoch 7/500 | Train Loss: 0.0342 | Val Loss: 0.0028 | Precision: 1.0000 | Recall: 1.0000
2026-04-15 11:35:25 - INFO - Epoch 8/500 | Train Loss: 0.0385 | Val Loss: 0.0100 | Precision: 0.9973 | Recall: 1.0000
2026-04-15 11:36:41 - INFO - Epoch 9/500 | Train Loss: 0.0420 | Val Loss: 0.0087 | Precision: 0.9972 | Recall: 0.9972
2026-04-15 11:37:51 - INFO - Epoch 10/500 | Train Loss: 0.0630 | Val Loss: 0.0035 | Precision: 0.9973 | Recall: 1.0000
2026-04-15 11:38:59 - INFO - Epoch 11/500 | Train Loss: 0.0273 | Val Loss: 0.0054 | Precision: 0.9973 | Recall: 1.0000
2026-04-15 11:40:08 - INFO - Epoch 12/500 | Train Loss: 0.0448 | Val Loss: 0.0095 | Precision: 0.9945 | Recall: 1.0000
2026-04-15 11:41:17 - INFO - Epoch 13/500 | Train Loss: 0.0334 | Val Loss: 0.0025 | Precision: 0.9973 | Recall: 1.0000
2026-04-15 11:42:30 - INFO - Epoch 14/500 | Train Loss: 0.0172 | Val Loss: 0.0042 | Precision: 1.0000 | Recall: 0.9972
2026-04-15 11:43:39 - INFO - Epoch 15/500 | Train Loss: 0.0169 | Val Loss: 0.0004 | Precision: 1.0000 | Recall: 1.0000
2026-04-15 11:44:48 - INFO - Epoch 16/500 | Train Loss: 0.0237 | Val Loss: 0.0020 | Precision: 1.0000 | Recall: 1.0000
2026-04-15 11:45:56 - INFO - Epoch 17/500 | Train Loss: 0.0214 | Val Loss: 0.0073 | Precision: 1.0000 | Recall: 0.9972
2026-04-15 11:47:05 - INFO - Epoch 18/500 | Train Loss: 0.0196 | Val Loss: 0.0065 | Precision: 0.9945 | Recall: 1.0000
2026-04-15 11:48:14 - INFO - Epoch 19/500 | Train Loss: 0.0232 | Val Loss: 0.0026 | Precision: 1.0000 | Recall: 0.9972
2026-04-15 11:49:27 - INFO - Epoch 20/500 | Train Loss: 0.0296 | Val Loss: 0.0100 | Precision: 0.9972 | Recall: 0.9972
2026-04-15 11:50:38 - INFO - Epoch 21/500 | Train Loss: 0.0274 | Val Loss: 0.0251 | Precision: 1.0000 | Recall: 0.9862
2026-04-15 11:51:48 - INFO - Epoch 22/500 | Train Loss: 0.0283 | Val Loss: 0.0014 | Precision: 1.0000 | Recall: 0.9972
2026-04-15 11:52:57 - INFO - Epoch 23/500 | Train Loss: 0.0127 | Val Loss: 0.0001 | Precision: 1.0000 | Recall: 1.0000
2026-04-15 11:54:06 - INFO - Epoch 24/500 | Train Loss: 0.0223 | Val Loss: 0.0055 | Precision: 0.9973 | Recall: 1.0000
2026-04-15 11:55:15 - INFO - Epoch 25/500 | Train Loss: 0.0150 | Val Loss: 0.0029 | Precision: 1.0000 | Recall: 0.9972
2026-04-15 11:56:30 - INFO - Epoch 26/500 | Train Loss: 0.0129 | Val Loss: 0.0114 | Precision: 1.0000 | Recall: 0.9917
2026-04-15 11:57:41 - INFO - Epoch 27/500 | Train Loss: 0.0164 | Val Loss: 0.0008 | Precision: 1.0000 | Recall: 1.0000
2026-04-15 11:58:51 - INFO - Epoch 28/500 | Train Loss: 0.0161 | Val Loss: 0.0006 | Precision: 1.0000 | Recall: 1.0000
2026-04-15 12:00:00 - INFO - Epoch 29/500 | Train Loss: 0.0198 | Val Loss: 0.0034 | Precision: 1.0000 | Recall: 1.0000
2026-04-15 12:01:07 - INFO - Epoch 30/500 | Train Loss: 0.0252 | Val Loss: 0.0047 | Precision: 0.9973 | Recall: 1.0000
2026-04-15 12:02:16 - INFO - Epoch 31/500 | Train Loss: 0.0322 | Val Loss: 0.0063 | Precision: 1.0000 | Recall: 0.9972
2026-04-15 12:03:25 - INFO - Epoch 32/500 | Train Loss: 0.0260 | Val Loss: 0.0040 | Precision: 1.0000 | Recall: 0.9972
2026-04-15 12:04:33 - INFO - Epoch 33/500 | Train Loss: 0.0105 | Val Loss: 0.0025 | Precision: 0.9973 | Recall: 1.0000
2026-04-15 12:05:41 - INFO - Epoch 34/500 | Train Loss: 0.0030 | Val Loss: 0.0005 | Precision: 1.0000 | Recall: 1.0000
2026-04-15 12:06:49 - INFO - Epoch 35/500 | Train Loss: 0.0040 | Val Loss: 0.0002 | Precision: 1.0000 | Recall: 1.0000
2026-04-15 12:07:56 - INFO - Epoch 36/500 | Train Loss: 0.0426 | Val Loss: 0.0280 | Precision: 0.9945 | Recall: 0.9972
2026-04-15 12:09:03 - INFO - Epoch 37/500 | Train Loss: 0.0485 | Val Loss: 0.0020 | Precision: 1.0000 | Recall: 0.9972
2026-04-15 12:10:10 - INFO - Epoch 38/500 | Train Loss: 0.0278 | Val Loss: 0.0089 | Precision: 0.9945 | Recall: 0.9945
2026-04-15 12:11:16 - INFO - Epoch 39/500 | Train Loss: 0.0191 | Val Loss: 0.0025 | Precision: 1.0000 | Recall: 1.0000
2026-04-15 12:12:22 - INFO - Epoch 40/500 | Train Loss: 0.0153 | Val Loss: 0.0373 | Precision: 0.9972 | Recall: 0.9972
2026-04-15 12:13:28 - INFO - Epoch 41/500 | Train Loss: 0.0511 | Val Loss: 0.0120 | Precision: 0.9972 | Recall: 0.9972
2026-04-15 12:14:35 - INFO - Epoch 42/500 | Train Loss: 0.0159 | Val Loss: 0.0083 | Precision: 0.9972 | Recall: 0.9972
2026-04-15 12:15:40 - INFO - Epoch 43/500 | Train Loss: 0.0237 | Val Loss: 0.0106 | Precision: 0.9972 | Recall: 0.9972
2026-04-15 12:16:47 - INFO - Epoch 44/500 | Train Loss: 0.0117 | Val Loss: 0.0004 | Precision: 1.0000 | Recall: 1.0000
2026-04-15 12:17:54 - INFO - Epoch 45/500 | Train Loss: 0.0200 | Val Loss: 0.0074 | Precision: 0.9972 | Recall: 0.9945
2026-04-15 12:19:02 - INFO - Epoch 46/500 | Train Loss: 0.0175 | Val Loss: 0.0015 | Precision: 1.0000 | Recall: 1.0000
2026-04-15 12:20:10 - INFO - Epoch 47/500 | Train Loss: 0.0150 | Val Loss: 0.0117 | Precision: 1.0000 | Recall: 0.9945
2026-04-15 12:21:18 - INFO - Epoch 48/500 | Train Loss: 0.0124 | Val Loss: 0.0038 | Precision: 0.9973 | Recall: 1.0000
2026-04-15 12:22:34 - INFO - Epoch 49/500 | Train Loss: 0.0067 | Val Loss: 0.0002 | Precision: 1.0000 | Recall: 1.0000
2026-04-15 12:23:50 - INFO - Epoch 50/500 | Train Loss: 0.0240 | Val Loss: 0.0056 | Precision: 1.0000 | Recall: 0.9972
2026-04-15 12:28:37 - INFO - Epoch 51/500 | Train Loss: 0.0173 | Val Loss: 0.0112 | Precision: 0.9972 | Recall: 0.9972
2026-04-15 12:38:01 - INFO - Epoch 52/500 | Train Loss: 0.0195 | Val Loss: 0.0072 | Precision: 0.9973 | Recall: 1.0000
2026-04-15 12:52:50 - INFO - Epoch 53/500 | Train Loss: 0.0285 | Val Loss: 0.0004 | Precision: 1.0000 | Recall: 1.0000
2026-04-15 13:19:24 - INFO - Epoch 54/500 | Train Loss: 0.0127 | Val Loss: 0.0002 | Precision: 1.0000 | Recall: 1.0000
2026-04-15 13:54:41 - INFO - Epoch 55/500 | Train Loss: 0.0127 | Val Loss: 0.0002 | Precision: 1.0000 | Recall: 1.0000
2026-04-15 14:30:35 - INFO - Epoch 56/500 | Train Loss: 0.0124 | Val Loss: 0.0009 | Precision: 1.0000 | Recall: 1.0000
2026-04-15 14:44:33 - INFO - Epoch 57/500 | Train Loss: 0.0166 | Val Loss: 0.0056 | Precision: 1.0000 | Recall: 0.9972
2026-04-15 14:48:19 - INFO - Epoch 58/500 | Train Loss: 0.0067 | Val Loss: 0.0020 | Precision: 0.9973 | Recall: 1.0000
2026-04-15 14:51:55 - INFO - Epoch 59/500 | Train Loss: 0.0046 | Val Loss: 0.0011 | Precision: 1.0000 | Recall: 0.9972
2026-04-15 14:55:36 - INFO - Epoch 60/500 | Train Loss: 0.0274 | Val Loss: 0.0062 | Precision: 0.9973 | Recall: 1.0000
2026-04-15 14:59:10 - INFO - Epoch 61/500 | Train Loss: 0.0179 | Val Loss: 0.2172 | Precision: 0.9837 | Recall: 1.0000
2026-04-15 15:33:57 - INFO - Epoch 62/500 | Train Loss: 0.0093 | Val Loss: 0.0997 | Precision: 0.9864 | Recall: 0.9972
2026-04-15 17:32:29 - INFO - Epoch 63/500 | Train Loss: 0.0050 | Val Loss: 0.0113 | Precision: 0.9891 | Recall: 0.9972
2026-04-15 17:34:42 - INFO - Epoch 64/500 | Train Loss: 0.0071 | Val Loss: 0.0128 | Precision: 0.9945 | Recall: 0.9945
2026-04-15 17:36:39 - INFO - Epoch 65/500 | Train Loss: 0.0115 | Val Loss: 0.0249 | Precision: 0.9837 | Recall: 1.0000
2026-04-15 17:38:26 - INFO - Epoch 66/500 | Train Loss: 0.0091 | Val Loss: 0.0197 | Precision: 0.9972 | Recall: 0.9972
2026-04-15 17:40:10 - INFO - Epoch 67/500 | Train Loss: 0.0174 | Val Loss: 0.0050 | Precision: 1.0000 | Recall: 0.9972
2026-04-15 17:41:50 - INFO - Epoch 68/500 | Train Loss: 0.0168 | Val Loss: 0.0106 | Precision: 0.9864 | Recall: 1.0000
2026-04-15 17:43:32 - INFO - Epoch 69/500 | Train Loss: 0.0077 | Val Loss: 0.0001 | Precision: 1.0000 | Recall: 1.0000
2026-04-15 17:45:08 - INFO - Epoch 70/500 | Train Loss: 0.1584 | Val Loss: 0.0048 | Precision: 0.9972 | Recall: 0.9972
2026-04-15 17:46:43 - INFO - Epoch 71/500 | Train Loss: 0.0124 | Val Loss: 0.0011 | Precision: 1.0000 | Recall: 1.0000
2026-04-15 17:48:15 - INFO - Epoch 72/500 | Train Loss: 0.0082 | Val Loss: 0.0012 | Precision: 1.0000 | Recall: 1.0000
2026-04-15 17:49:41 - INFO - Epoch 73/500 | Train Loss: 0.0039 | Val Loss: 0.0001 | Precision: 1.0000 | Recall: 1.0000
2026-04-15 17:51:06 - INFO - Epoch 74/500 | Train Loss: 0.0077 | Val Loss: 0.0015 | Precision: 1.0000 | Recall: 0.9972
2026-04-15 17:52:31 - INFO - Epoch 75/500 | Train Loss: 0.0067 | Val Loss: 0.0005 | Precision: 1.0000 | Recall: 1.0000
2026-04-15 17:54:00 - INFO - Epoch 76/500 | Train Loss: 0.0068 | Val Loss: 0.0001 | Precision: 1.0000 | Recall: 1.0000
2026-04-15 17:55:21 - INFO - Epoch 77/500 | Train Loss: 0.0105 | Val Loss: 0.0000 | Precision: 1.0000 | Recall: 1.0000
2026-04-15 17:56:44 - INFO - Epoch 78/500 | Train Loss: 0.0137 | Val Loss: 0.0039 | Precision: 1.0000 | Recall: 0.9945
2026-04-15 17:58:00 - INFO - Epoch 79/500 | Train Loss: 0.0021 | Val Loss: 0.0074 | Precision: 1.0000 | Recall: 0.9945
2026-04-15 17:59:15 - INFO - Epoch 80/500 | Train Loss: 0.0091 | Val Loss: 0.0000 | Precision: 1.0000 | Recall: 1.0000
2026-04-15 18:00:28 - INFO - Epoch 81/500 | Train Loss: 0.0141 | Val Loss: 0.0083 | Precision: 0.9973 | Recall: 1.0000
2026-04-15 18:01:40 - INFO - Epoch 82/500 | Train Loss: 0.0160 | Val Loss: 0.0002 | Precision: 1.0000 | Recall: 1.0000
2026-04-15 18:02:52 - INFO - Epoch 83/500 | Train Loss: 0.0076 | Val Loss: 0.0034 | Precision: 0.9973 | Recall: 1.0000
2026-04-15 18:04:02 - INFO - Epoch 84/500 | Train Loss: 0.0061 | Val Loss: 0.0000 | Precision: 1.0000 | Recall: 1.0000
2026-04-15 18:05:13 - INFO - Epoch 85/500 | Train Loss: 0.0052 | Val Loss: 0.0000 | Precision: 1.0000 | Recall: 1.0000
2026-04-15 18:06:23 - INFO - Epoch 86/500 | Train Loss: 0.0126 | Val Loss: 0.0018 | Precision: 1.0000 | Recall: 0.9972
2026-04-15 18:07:33 - INFO - Epoch 87/500 | Train Loss: 0.0079 | Val Loss: 0.0003 | Precision: 1.0000 | Recall: 1.0000
2026-04-15 18:08:42 - INFO - Epoch 88/500 | Train Loss: 0.0103 | Val Loss: 0.0001 | Precision: 1.0000 | Recall: 1.0000
2026-04-15 18:09:52 - INFO - Epoch 89/500 | Train Loss: 0.0069 | Val Loss: 0.0039 | Precision: 1.0000 | Recall: 0.9972
2026-04-15 18:11:03 - INFO - Epoch 90/500 | Train Loss: 0.0049 | Val Loss: 0.0000 | Precision: 1.0000 | Recall: 1.0000
2026-04-15 18:12:13 - INFO - Epoch 91/500 | Train Loss: 0.0126 | Val Loss: 0.0063 | Precision: 1.0000 | Recall: 0.9972
2026-04-15 18:13:23 - INFO - Epoch 92/500 | Train Loss: 0.0085 | Val Loss: 0.0102 | Precision: 1.0000 | Recall: 0.9945
2026-04-15 18:14:32 - INFO - Epoch 93/500 | Train Loss: 0.0142 | Val Loss: 0.0020 | Precision: 1.0000 | Recall: 1.0000
2026-04-15 18:15:42 - INFO - Epoch 94/500 | Train Loss: 0.0101 | Val Loss: 0.0065 | Precision: 0.9973 | Recall: 1.0000
2026-04-15 18:16:53 - INFO - Epoch 95/500 | Train Loss: 0.0082 | Val Loss: 0.0005 | Precision: 1.0000 | Recall: 1.0000
2026-04-15 18:18:02 - INFO - Epoch 96/500 | Train Loss: 0.0163 | Val Loss: 0.0000 | Precision: 1.0000 | Recall: 1.0000
2026-04-15 18:19:12 - INFO - Epoch 97/500 | Train Loss: 0.0085 | Val Loss: 0.0001 | Precision: 1.0000 | Recall: 1.0000
2026-04-15 18:20:23 - INFO - Epoch 98/500 | Train Loss: 0.0123 | Val Loss: 0.0010 | Precision: 1.0000 | Recall: 1.0000
2026-04-15 18:21:33 - INFO - Epoch 99/500 | Train Loss: 0.0088 | Val Loss: 0.0128 | Precision: 0.9973 | Recall: 1.0000
2026-04-15 18:22:43 - INFO - Epoch 100/500 | Train Loss: 0.0219 | Val Loss: 0.0022 | Precision: 0.9972 | Recall: 0.9972
2026-04-15 18:24:05 - INFO - Epoch 101/500 | Train Loss: 0.0080 | Val Loss: 0.0529 | Precision: 0.9891 | Recall: 1.0000
2026-04-15 18:25:18 - INFO - Epoch 102/500 | Train Loss: 0.0273 | Val Loss: 0.0426 | Precision: 1.0000 | Recall: 0.9780
2026-04-15 18:26:29 - INFO - Epoch 103/500 | Train Loss: 0.0175 | Val Loss: 0.1336 | Precision: 0.9784 | Recall: 1.0000
2026-04-15 18:27:39 - INFO - Epoch 104/500 | Train Loss: 0.0092 | Val Loss: 0.0003 | Precision: 1.0000 | Recall: 1.0000
2026-04-15 18:28:50 - INFO - Epoch 105/500 | Train Loss: 0.0169 | Val Loss: 0.0076 | Precision: 0.9891 | Recall: 1.0000
2026-04-15 18:30:00 - INFO - Epoch 106/500 | Train Loss: 0.0038 | Val Loss: 0.0309 | Precision: 0.9732 | Recall: 1.0000
2026-04-15 18:31:10 - INFO - Epoch 107/500 | Train Loss: 0.0029 | Val Loss: 0.0756 | Precision: 0.9864 | Recall: 1.0000
2026-04-15 18:32:19 - INFO - Epoch 108/500 | Train Loss: 0.0053 | Val Loss: 0.0004 | Precision: 1.0000 | Recall: 1.0000
2026-04-15 18:33:29 - INFO - Epoch 109/500 | Train Loss: 0.0048 | Val Loss: 0.0041 | Precision: 0.9945 | Recall: 1.0000
2026-04-15 18:34:39 - INFO - Epoch 110/500 | Train Loss: 0.0058 | Val Loss: 0.1879 | Precision: 0.9864 | Recall: 1.0000
2026-04-15 18:35:50 - INFO - Epoch 111/500 | Train Loss: 0.0200 | Val Loss: 0.0002 | Precision: 1.0000 | Recall: 1.0000
2026-04-15 18:37:00 - INFO - Epoch 112/500 | Train Loss: 0.0167 | Val Loss: 0.0001 | Precision: 1.0000 | Recall: 1.0000
2026-04-15 18:38:10 - INFO - Epoch 113/500 | Train Loss: 0.0118 | Val Loss: 0.0000 | Precision: 1.0000 | Recall: 1.0000
2026-04-15 18:39:20 - INFO - Epoch 114/500 | Train Loss: 0.0082 | Val Loss: 0.0000 | Precision: 1.0000 | Recall: 1.0000
2026-04-15 18:40:29 - INFO - Epoch 115/500 | Train Loss: 0.0077 | Val Loss: 0.0000 | Precision: 1.0000 | Recall: 1.0000
2026-04-15 18:41:39 - INFO - Epoch 116/500 | Train Loss: 0.0026 | Val Loss: 0.0000 | Precision: 1.0000 | Recall: 1.0000
2026-04-15 18:42:49 - INFO - Epoch 117/500 | Train Loss: 0.0096 | Val Loss: 0.0001 | Precision: 1.0000 | Recall: 1.0000
2026-04-15 18:43:59 - INFO - Epoch 118/500 | Train Loss: 0.0128 | Val Loss: 0.0000 | Precision: 1.0000 | Recall: 1.0000
2026-04-15 18:45:08 - INFO - Epoch 119/500 | Train Loss: 0.0079 | Val Loss: 0.0000 | Precision: 1.0000 | Recall: 1.0000
2026-04-15 18:46:19 - INFO - Epoch 120/500 | Train Loss: 0.0246 | Val Loss: 0.0017 | Precision: 1.0000 | Recall: 0.9972
2026-04-15 18:47:29 - INFO - Epoch 121/500 | Train Loss: 0.0065 | Val Loss: 0.0066 | Precision: 1.0000 | Recall: 0.9972
2026-04-15 18:48:39 - INFO - Epoch 122/500 | Train Loss: 0.0350 | Val Loss: 0.0005 | Precision: 1.0000 | Recall: 1.0000
2026-04-15 18:49:49 - INFO - Epoch 123/500 | Train Loss: 0.0113 | Val Loss: 0.0005 | Precision: 1.0000 | Recall: 1.0000
2026-04-15 18:50:58 - INFO - Epoch 124/500 | Train Loss: 0.0095 | Val Loss: 0.0002 | Precision: 1.0000 | Recall: 1.0000
2026-04-15 18:52:08 - INFO - Epoch 125/500 | Train Loss: 0.0013 | Val Loss: 0.0000 | Precision: 1.0000 | Recall: 1.0000
2026-04-15 18:53:21 - INFO - Epoch 126/500 | Train Loss: 0.0085 | Val Loss: 0.0001 | Precision: 1.0000 | Recall: 1.0000
2026-04-15 18:54:31 - INFO - Epoch 127/500 | Train Loss: 0.0022 | Val Loss: 0.0000 | Precision: 1.0000 | Recall: 1.0000
2026-04-15 18:55:41 - INFO - Epoch 128/500 | Train Loss: 0.0062 | Val Loss: 0.0013 | Precision: 1.0000 | Recall: 1.0000
2026-04-15 18:56:51 - INFO - Epoch 129/500 | Train Loss: 0.0192 | Val Loss: 0.0003 | Precision: 1.0000 | Recall: 1.0000
2026-04-15 18:58:01 - INFO - Epoch 130/500 | Train Loss: 0.0196 | Val Loss: 0.0002 | Precision: 1.0000 | Recall: 1.0000
2026-04-15 18:59:10 - INFO - Epoch 131/500 | Train Loss: 0.0072 | Val Loss: 0.0997 | Precision: 0.9891 | Recall: 1.0000
2026-04-15 19:00:20 - INFO - Epoch 132/500 | Train Loss: 0.0116 | Val Loss: 0.1909 | Precision: 0.9891 | Recall: 1.0000
2026-04-15 19:01:30 - INFO - Epoch 133/500 | Train Loss: 0.0071 | Val Loss: 0.0018 | Precision: 1.0000 | Recall: 1.0000
2026-04-15 19:02:41 - INFO - Epoch 134/500 | Train Loss: 0.0033 | Val Loss: 0.0028 | Precision: 1.0000 | Recall: 0.9972
2026-04-15 19:03:51 - INFO - Epoch 135/500 | Train Loss: 0.0082 | Val Loss: 0.2008 | Precision: 0.9891 | Recall: 1.0000
2026-04-15 19:05:01 - INFO - Epoch 136/500 | Train Loss: 0.0116 | Val Loss: 0.0090 | Precision: 1.0000 | Recall: 0.9972
2026-04-15 19:06:11 - INFO - Epoch 137/500 | Train Loss: 0.0046 | Val Loss: 0.0006 | Precision: 1.0000 | Recall: 1.0000
2026-04-15 19:07:21 - INFO - Epoch 138/500 | Train Loss: 0.0037 | Val Loss: 0.0480 | Precision: 0.9890 | Recall: 0.9945
2026-04-15 19:08:31 - INFO - Epoch 139/500 | Train Loss: 0.0014 | Val Loss: 0.0589 | Precision: 0.9890 | Recall: 0.9945
2026-04-15 19:09:41 - INFO - Epoch 140/500 | Train Loss: 0.0008 | Val Loss: 0.1370 | Precision: 0.9890 | Recall: 0.9945
2026-04-15 19:10:50 - INFO - Epoch 141/500 | Train Loss: 0.0003 | Val Loss: 0.0359 | Precision: 0.9891 | Recall: 1.0000
2026-04-15 19:12:00 - INFO - Epoch 142/500 | Train Loss: 0.0032 | Val Loss: 0.4307 | Precision: 0.9891 | Recall: 0.9972
2026-04-15 19:13:10 - INFO - Epoch 143/500 | Train Loss: 0.0213 | Val Loss: 0.0150 | Precision: 1.0000 | Recall: 0.9890
2026-04-15 19:14:20 - INFO - Epoch 144/500 | Train Loss: 0.0057 | Val Loss: 0.0036 | Precision: 1.0000 | Recall: 0.9972
2026-04-15 19:15:30 - INFO - Epoch 145/500 | Train Loss: 0.0063 | Val Loss: 0.0013 | Precision: 1.0000 | Recall: 0.9972
2026-04-15 19:16:40 - INFO - Epoch 146/500 | Train Loss: 0.0036 | Val Loss: 0.0013 | Precision: 1.0000 | Recall: 1.0000
2026-04-15 19:17:50 - INFO - Epoch 147/500 | Train Loss: 0.0085 | Val Loss: 0.0193 | Precision: 0.9972 | Recall: 0.9972
2026-04-15 19:19:00 - INFO - Epoch 148/500 | Train Loss: 0.0179 | Val Loss: 0.0053 | Precision: 1.0000 | Recall: 0.9917
2026-04-15 19:20:10 - INFO - Epoch 149/500 | Train Loss: 0.0185 | Val Loss: 0.0036 | Precision: 1.0000 | Recall: 1.0000
2026-04-15 19:21:20 - INFO - Epoch 150/500 | Train Loss: 0.0049 | Val Loss: 0.0038 | Precision: 0.9973 | Recall: 1.0000
2026-04-15 19:22:39 - INFO - Epoch 151/500 | Train Loss: 0.0142 | Val Loss: 0.0002 | Precision: 1.0000 | Recall: 1.0000
2026-04-15 19:23:49 - INFO - Epoch 152/500 | Train Loss: 0.0015 | Val Loss: 0.0000 | Precision: 1.0000 | Recall: 1.0000
2026-04-15 19:24:58 - INFO - Epoch 153/500 | Train Loss: 0.0078 | Val Loss: 0.0001 | Precision: 1.0000 | Recall: 1.0000
2026-04-15 19:26:08 - INFO - Epoch 154/500 | Train Loss: 0.0002 | Val Loss: 0.0001 | Precision: 1.0000 | Recall: 1.0000
2026-04-15 19:27:18 - INFO - Epoch 155/500 | Train Loss: 0.0042 | Val Loss: 0.0006 | Precision: 1.0000 | Recall: 1.0000
2026-04-15 19:28:27 - INFO - Epoch 156/500 | Train Loss: 0.0005 | Val Loss: 0.0001 | Precision: 1.0000 | Recall: 1.0000
2026-04-15 19:29:36 - INFO - Epoch 157/500 | Train Loss: 0.0070 | Val Loss: 0.0003 | Precision: 1.0000 | Recall: 1.0000
2026-04-15 19:30:49 - INFO - Epoch 158/500 | Train Loss: 0.0003 | Val Loss: 0.0000 | Precision: 1.0000 | Recall: 1.0000
2026-04-15 19:31:59 - INFO - Epoch 159/500 | Train Loss: 0.0063 | Val Loss: 0.0023 | Precision: 0.9973 | Recall: 1.0000
2026-04-15 19:33:09 - INFO - Epoch 160/500 | Train Loss: 0.0018 | Val Loss: 0.0140 | Precision: 1.0000 | Recall: 0.9972
2026-04-15 19:34:19 - INFO - Epoch 161/500 | Train Loss: 0.0138 | Val Loss: 0.0006 | Precision: 1.0000 | Recall: 1.0000
2026-04-15 19:35:29 - INFO - Epoch 162/500 | Train Loss: 0.0151 | Val Loss: 0.0057 | Precision: 0.9918 | Recall: 1.0000
2026-04-15 19:36:39 - INFO - Epoch 163/500 | Train Loss: 0.0187 | Val Loss: 0.0002 | Precision: 1.0000 | Recall: 1.0000
2026-04-15 19:37:55 - INFO - Epoch 164/500 | Train Loss: 0.0028 | Val Loss: 0.0000 | Precision: 1.0000 | Recall: 1.0000
2026-04-15 19:39:04 - INFO - Epoch 165/500 | Train Loss: 0.0034 | Val Loss: 0.0000 | Precision: 1.0000 | Recall: 1.0000
2026-04-15 19:40:14 - INFO - Epoch 166/500 | Train Loss: 0.0071 | Val Loss: 0.0004 | Precision: 1.0000 | Recall: 1.0000
2026-04-15 19:41:24 - INFO - Epoch 167/500 | Train Loss: 0.0009 | Val Loss: 0.0002 | Precision: 1.0000 | Recall: 1.0000
2026-04-15 19:42:35 - INFO - Epoch 168/500 | Train Loss: 0.0026 | Val Loss: 0.0001 | Precision: 1.0000 | Recall: 1.0000
2026-04-15 19:43:45 - INFO - Epoch 169/500 | Train Loss: 0.0066 | Val Loss: 0.0000 | Precision: 1.0000 | Recall: 1.0000
2026-04-15 19:44:54 - INFO - Epoch 170/500 | Train Loss: 0.0207 | Val Loss: 0.0001 | Precision: 1.0000 | Recall: 1.0000
2026-04-15 19:46:04 - INFO - Epoch 171/500 | Train Loss: 0.0113 | Val Loss: 0.0008 | Precision: 1.0000 | Recall: 1.0000
2026-04-15 19:47:14 - INFO - Epoch 172/500 | Train Loss: 0.0028 | Val Loss: 0.0004 | Precision: 1.0000 | Recall: 1.0000
2026-04-15 19:48:24 - INFO - Epoch 173/500 | Train Loss: 0.0100 | Val Loss: 0.0000 | Precision: 1.0000 | Recall: 1.0000
2026-04-15 19:49:34 - INFO - Epoch 174/500 | Train Loss: 0.0054 | Val Loss: 0.0000 | Precision: 1.0000 | Recall: 1.0000
2026-04-15 19:50:43 - INFO - Epoch 175/500 | Train Loss: 0.0068 | Val Loss: 0.0000 | Precision: 1.0000 | Recall: 1.0000
2026-04-15 19:51:54 - INFO - Epoch 176/500 | Train Loss: 0.0060 | Val Loss: 0.0000 | Precision: 1.0000 | Recall: 1.0000
2026-04-15 19:53:03 - INFO - Epoch 177/500 | Train Loss: 0.0063 | Val Loss: 0.0008 | Precision: 1.0000 | Recall: 1.0000
2026-04-15 19:54:13 - INFO - Epoch 178/500 | Train Loss: 0.0055 | Val Loss: 0.0018 | Precision: 0.9973 | Recall: 1.0000
2026-04-15 19:55:27 - INFO - Epoch 179/500 | Train Loss: 0.0012 | Val Loss: 0.0000 | Precision: 1.0000 | Recall: 1.0000
2026-04-15 19:56:37 - INFO - Epoch 180/500 | Train Loss: 0.0005 | Val Loss: 0.0000 | Precision: 1.0000 | Recall: 1.0000
2026-04-15 19:57:47 - INFO - Epoch 181/500 | Train Loss: 0.0044 | Val Loss: 0.0001 | Precision: 1.0000 | Recall: 1.0000
2026-04-15 19:58:58 - INFO - Epoch 182/500 | Train Loss: 0.0180 | Val Loss: 0.0007 | Precision: 1.0000 | Recall: 1.0000
2026-04-15 20:00:08 - INFO - Epoch 183/500 | Train Loss: 0.0045 | Val Loss: 0.0011 | Precision: 1.0000 | Recall: 0.9972
2026-04-15 20:01:18 - INFO - Epoch 184/500 | Train Loss: 0.0076 | Val Loss: 0.0270 | Precision: 1.0000 | Recall: 0.9890
2026-04-15 20:02:28 - INFO - Epoch 185/500 | Train Loss: 0.0145 | Val Loss: 0.0002 | Precision: 1.0000 | Recall: 1.0000
2026-04-15 20:03:38 - INFO - Epoch 186/500 | Train Loss: 0.0099 | Val Loss: 0.0013 | Precision: 1.0000 | Recall: 0.9972
2026-04-15 20:04:48 - INFO - Epoch 187/500 | Train Loss: 0.0090 | Val Loss: 0.0000 | Precision: 1.0000 | Recall: 1.0000
2026-04-15 20:05:57 - INFO - Epoch 188/500 | Train Loss: 0.0013 | Val Loss: 0.0001 | Precision: 1.0000 | Recall: 1.0000
2026-04-15 20:07:07 - INFO - Epoch 189/500 | Train Loss: 0.0033 | Val Loss: 0.0000 | Precision: 1.0000 | Recall: 1.0000
2026-04-15 20:08:17 - INFO - Epoch 190/500 | Train Loss: 0.0036 | Val Loss: 0.0000 | Precision: 1.0000 | Recall: 1.0000
2026-04-15 20:09:28 - INFO - Epoch 191/500 | Train Loss: 0.0476 | Val Loss: 0.0001 | Precision: 1.0000 | Recall: 1.0000
2026-04-15 20:10:38 - INFO - Epoch 192/500 | Train Loss: 0.0319 | Val Loss: 0.0030 | Precision: 1.0000 | Recall: 0.9945
2026-04-15 20:11:48 - INFO - Epoch 193/500 | Train Loss: 0.0081 | Val Loss: 0.0002 | Precision: 1.0000 | Recall: 1.0000
2026-04-15 20:12:59 - INFO - Epoch 194/500 | Train Loss: 0.0074 | Val Loss: 0.0042 | Precision: 1.0000 | Recall: 0.9972
2026-04-15 20:14:08 - INFO - Epoch 195/500 | Train Loss: 0.0095 | Val Loss: 0.0051 | Precision: 1.0000 | Recall: 0.9972
2026-04-15 20:15:18 - INFO - Epoch 196/500 | Train Loss: 0.0029 | Val Loss: 0.0000 | Precision: 1.0000 | Recall: 1.0000
2026-04-15 20:16:28 - INFO - Epoch 197/500 | Train Loss: 0.0017 | Val Loss: 0.0000 | Precision: 1.0000 | Recall: 1.0000
2026-04-15 20:17:38 - INFO - Epoch 198/500 | Train Loss: 0.0104 | Val Loss: 0.0001 | Precision: 1.0000 | Recall: 1.0000
2026-04-15 20:18:47 - INFO - Epoch 199/500 | Train Loss: 0.0039 | Val Loss: 0.0001 | Precision: 1.0000 | Recall: 1.0000
2026-04-15 20:19:57 - INFO - Epoch 200/500 | Train Loss: 0.0005 | Val Loss: 0.0000 | Precision: 1.0000 | Recall: 1.0000
2026-04-15 20:21:13 - INFO - Epoch 201/500 | Train Loss: 0.0025 | Val Loss: 0.0000 | Precision: 1.0000 | Recall: 1.0000
2026-04-15 20:22:23 - INFO - Epoch 202/500 | Train Loss: 0.0075 | Val Loss: 0.0006 | Precision: 1.0000 | Recall: 1.0000
2026-04-15 20:23:33 - INFO - Epoch 203/500 | Train Loss: 0.0022 | Val Loss: 0.0001 | Precision: 1.0000 | Recall: 1.0000
2026-04-15 20:24:43 - INFO - Epoch 204/500 | Train Loss: 0.0011 | Val Loss: 0.0000 | Precision: 1.0000 | Recall: 1.0000
2026-04-15 20:25:54 - INFO - Epoch 205/500 | Train Loss: 0.0022 | Val Loss: 0.0000 | Precision: 1.0000 | Recall: 1.0000
2026-04-15 20:27:03 - INFO - Epoch 206/500 | Train Loss: 0.0052 | Val Loss: 0.0001 | Precision: 1.0000 | Recall: 1.0000
2026-04-15 20:28:11 - INFO - Epoch 207/500 | Train Loss: 0.0060 | Val Loss: 0.0001 | Precision: 1.0000 | Recall: 1.0000
2026-04-15 20:29:21 - INFO - Epoch 208/500 | Train Loss: 0.0081 | Val Loss: 0.0000 | Precision: 1.0000 | Recall: 1.0000
2026-04-15 20:30:30 - INFO - Epoch 209/500 | Train Loss: 0.0027 | Val Loss: 0.0000 | Precision: 1.0000 | Recall: 1.0000
2026-04-15 20:31:40 - INFO - Epoch 210/500 | Train Loss: 0.0124 | Val Loss: 0.0007 | Precision: 1.0000 | Recall: 1.0000
2026-04-15 20:32:50 - INFO - Epoch 211/500 | Train Loss: 0.0125 | Val Loss: 0.0001 | Precision: 1.0000 | Recall: 1.0000
2026-04-15 20:34:00 - INFO - Epoch 212/500 | Train Loss: 0.0046 | Val Loss: 0.0001 | Precision: 1.0000 | Recall: 1.0000
2026-04-15 20:35:10 - INFO - Epoch 213/500 | Train Loss: 0.0004 | Val Loss: 0.0000 | Precision: 1.0000 | Recall: 1.0000
2026-04-15 20:36:20 - INFO - Epoch 214/500 | Train Loss: 0.0003 | Val Loss: 0.0000 | Precision: 1.0000 | Recall: 1.0000
2026-04-15 20:37:29 - INFO - Epoch 215/500 | Train Loss: 0.0039 | Val Loss: 0.0000 | Precision: 1.0000 | Recall: 1.0000
2026-04-15 20:38:39 - INFO - Epoch 216/500 | Train Loss: 0.0027 | Val Loss: 0.0362 | Precision: 1.0000 | Recall: 0.9917
2026-04-15 20:39:49 - INFO - Epoch 217/500 | Train Loss: 0.0907 | Val Loss: 0.0012 | Precision: 1.0000 | Recall: 1.0000
2026-04-15 20:40:59 - INFO - Epoch 218/500 | Train Loss: 0.0169 | Val Loss: 0.0008 | Precision: 1.0000 | Recall: 1.0000
2026-04-15 20:42:08 - INFO - Epoch 219/500 | Train Loss: 0.0112 | Val Loss: 0.0007 | Precision: 1.0000 | Recall: 1.0000
2026-04-15 20:43:18 - INFO - Epoch 220/500 | Train Loss: 0.0076 | Val Loss: 0.0001 | Precision: 1.0000 | Recall: 1.0000
2026-04-15 20:44:28 - INFO - Epoch 221/500 | Train Loss: 0.0185 | Val Loss: 0.0008 | Precision: 1.0000 | Recall: 1.0000
2026-04-15 20:45:38 - INFO - Epoch 222/500 | Train Loss: 0.0015 | Val Loss: 0.0000 | Precision: 1.0000 | Recall: 1.0000
2026-04-15 20:46:51 - INFO - Epoch 223/500 | Train Loss: 0.0032 | Val Loss: 0.0000 | Precision: 1.0000 | Recall: 1.0000
2026-04-15 20:48:01 - INFO - Epoch 224/500 | Train Loss: 0.0014 | Val Loss: 0.0000 | Precision: 1.0000 | Recall: 1.0000
2026-04-15 20:49:10 - INFO - Epoch 225/500 | Train Loss: 0.0005 | Val Loss: 0.0000 | Precision: 1.0000 | Recall: 1.0000
2026-04-15 20:50:21 - INFO - Epoch 226/500 | Train Loss: 0.0440 | Val Loss: 0.0067 | Precision: 1.0000 | Recall: 0.9945
2026-04-15 20:51:30 - INFO - Epoch 227/500 | Train Loss: 0.0126 | Val Loss: 0.0054 | Precision: 1.0000 | Recall: 0.9972
2026-04-15 20:52:39 - INFO - Epoch 228/500 | Train Loss: 0.0088 | Val Loss: 0.0007 | Precision: 1.0000 | Recall: 1.0000
2026-04-15 20:53:49 - INFO - Epoch 229/500 | Train Loss: 0.0032 | Val Loss: 0.0003 | Precision: 1.0000 | Recall: 1.0000
2026-04-15 20:54:59 - INFO - Epoch 230/500 | Train Loss: 0.0038 | Val Loss: 0.0002 | Precision: 1.0000 | Recall: 1.0000
2026-04-15 20:56:18 - INFO - Epoch 231/500 | Train Loss: 0.0007 | Val Loss: 0.0001 | Precision: 1.0000 | Recall: 1.0000
2026-04-15 20:57:36 - INFO - Epoch 232/500 | Train Loss: 0.0011 | Val Loss: 0.0001 | Precision: 1.0000 | Recall: 1.0000
2026-04-15 20:58:45 - INFO - Epoch 233/500 | Train Loss: 0.0005 | Val Loss: 0.0000 | Precision: 1.0000 | Recall: 1.0000
2026-04-15 20:59:55 - INFO - Epoch 234/500 | Train Loss: 0.0012 | Val Loss: 0.0000 | Precision: 1.0000 | Recall: 1.0000
2026-04-15 21:01:05 - INFO - Epoch 235/500 | Train Loss: 0.0069 | Val Loss: 0.0005 | Precision: 1.0000 | Recall: 1.0000
2026-04-15 21:02:15 - INFO - Epoch 236/500 | Train Loss: 0.0119 | Val Loss: 0.0167 | Precision: 1.0000 | Recall: 0.9972
2026-04-15 21:03:25 - INFO - Epoch 237/500 | Train Loss: 0.0040 | Val Loss: 0.0002 | Precision: 1.0000 | Recall: 1.0000
2026-04-15 21:04:34 - INFO - Epoch 238/500 | Train Loss: 0.0040 | Val Loss: 0.0000 | Precision: 1.0000 | Recall: 1.0000
2026-04-15 21:05:44 - INFO - Epoch 239/500 | Train Loss: 0.0055 | Val Loss: 0.0272 | Precision: 0.9973 | Recall: 1.0000
2026-04-15 21:06:53 - INFO - Epoch 240/500 | Train Loss: 0.0013 | Val Loss: 0.0270 | Precision: 0.9972 | Recall: 0.9972
2026-04-15 21:08:04 - INFO - Epoch 241/500 | Train Loss: 0.0029 | Val Loss: 0.0065 | Precision: 0.9973 | Recall: 1.0000
2026-04-15 21:09:13 - INFO - Epoch 242/500 | Train Loss: 0.0101 | Val Loss: 0.0011 | Precision: 1.0000 | Recall: 1.0000
2026-04-15 21:10:23 - INFO - Epoch 243/500 | Train Loss: 0.0015 | Val Loss: 0.0016 | Precision: 1.0000 | Recall: 0.9972
2026-04-15 21:11:33 - INFO - Epoch 244/500 | Train Loss: 0.0036 | Val Loss: 0.0154 | Precision: 1.0000 | Recall: 0.9945
2026-04-15 21:12:42 - INFO - Epoch 245/500 | Train Loss: 0.0078 | Val Loss: 0.0016 | Precision: 1.0000 | Recall: 1.0000
2026-04-15 21:13:53 - INFO - Epoch 246/500 | Train Loss: 0.0032 | Val Loss: 0.0019 | Precision: 1.0000 | Recall: 0.9972
2026-04-15 21:15:02 - INFO - Epoch 247/500 | Train Loss: 0.0056 | Val Loss: 0.0044 | Precision: 1.0000 | Recall: 0.9972
2026-04-15 21:16:12 - INFO - Epoch 248/500 | Train Loss: 0.0100 | Val Loss: 0.0033 | Precision: 1.0000 | Recall: 0.9972
2026-04-15 21:17:21 - INFO - Epoch 249/500 | Train Loss: 0.0082 | Val Loss: 0.0001 | Precision: 1.0000 | Recall: 1.0000
2026-04-15 21:18:31 - INFO - Epoch 250/500 | Train Loss: 0.0017 | Val Loss: 0.0022 | Precision: 1.0000 | Recall: 0.9972
2026-04-15 21:19:41 - INFO - Epoch 251/500 | Train Loss: 0.0085 | Val Loss: 0.0119 | Precision: 1.0000 | Recall: 0.9945
2026-04-15 21:20:51 - INFO - Epoch 252/500 | Train Loss: 0.0005 | Val Loss: 0.0024 | Precision: 1.0000 | Recall: 0.9972
2026-04-15 21:22:01 - INFO - Epoch 253/500 | Train Loss: 0.0006 | Val Loss: 0.0004 | Precision: 1.0000 | Recall: 1.0000
2026-04-15 21:23:11 - INFO - Epoch 254/500 | Train Loss: 0.0000 | Val Loss: 0.0010 | Precision: 1.0000 | Recall: 1.0000
2026-04-15 21:24:21 - INFO - Epoch 255/500 | Train Loss: 0.0016 | Val Loss: 0.0002 | Precision: 1.0000 | Recall: 1.0000
2026-04-15 21:25:30 - INFO - Epoch 256/500 | Train Loss: 0.0080 | Val Loss: 0.0010 | Precision: 1.0000 | Recall: 1.0000
2026-04-15 21:26:40 - INFO - Epoch 257/500 | Train Loss: 0.0165 | Val Loss: 0.0007 | Precision: 1.0000 | Recall: 1.0000
2026-04-15 21:27:50 - INFO - Epoch 258/500 | Train Loss: 0.0079 | Val Loss: 0.0004 | Precision: 1.0000 | Recall: 1.0000
2026-04-15 21:29:00 - INFO - Epoch 259/500 | Train Loss: 0.0212 | Val Loss: 0.0020 | Precision: 1.0000 | Recall: 0.9972
2026-04-15 21:30:09 - INFO - Epoch 260/500 | Train Loss: 0.0026 | Val Loss: 0.0172 | Precision: 0.9945 | Recall: 0.9972
2026-04-15 21:31:20 - INFO - Epoch 261/500 | Train Loss: 0.0093 | Val Loss: 0.0001 | Precision: 1.0000 | Recall: 1.0000
2026-04-15 21:32:29 - INFO - Epoch 262/500 | Train Loss: 0.0021 | Val Loss: 0.0187 | Precision: 0.9973 | Recall: 1.0000
2026-04-15 21:33:39 - INFO - Epoch 263/500 | Train Loss: 0.0005 | Val Loss: 0.0203 | Precision: 0.9973 | Recall: 1.0000
2026-04-15 21:34:48 - INFO - Epoch 264/500 | Train Loss: 0.0417 | Val Loss: 0.0165 | Precision: 0.9972 | Recall: 0.9945
2026-04-15 21:35:57 - INFO - Epoch 265/500 | Train Loss: 0.0055 | Val Loss: 0.0050 | Precision: 0.9973 | Recall: 1.0000
2026-04-15 21:37:07 - INFO - Epoch 266/500 | Train Loss: 0.0002 | Val Loss: 0.0007 | Precision: 1.0000 | Recall: 1.0000
2026-04-15 21:38:18 - INFO - Epoch 267/500 | Train Loss: 0.0112 | Val Loss: 0.0004 | Precision: 1.0000 | Recall: 1.0000
2026-04-15 21:39:28 - INFO - Epoch 268/500 | Train Loss: 0.0054 | Val Loss: 0.0001 | Precision: 1.0000 | Recall: 1.0000
2026-04-15 21:40:38 - INFO - Epoch 269/500 | Train Loss: 0.0042 | Val Loss: 0.0001 | Precision: 1.0000 | Recall: 1.0000
2026-04-15 21:41:48 - INFO - Epoch 270/500 | Train Loss: 0.0088 | Val Loss: 0.0002 | Precision: 1.0000 | Recall: 1.0000
2026-04-15 21:42:58 - INFO - Epoch 271/500 | Train Loss: 0.0056 | Val Loss: 0.0002 | Precision: 1.0000 | Recall: 1.0000
2026-04-15 21:44:07 - INFO - Epoch 272/500 | Train Loss: 0.0281 | Val Loss: 0.0010 | Precision: 1.0000 | Recall: 1.0000
2026-04-15 21:45:17 - INFO - Epoch 273/500 | Train Loss: 0.0090 | Val Loss: 0.0000 | Precision: 1.0000 | Recall: 1.0000
2026-04-15 21:46:26 - INFO - Epoch 274/500 | Train Loss: 0.0011 | Val Loss: 0.0000 | Precision: 1.0000 | Recall: 1.0000
2026-04-15 21:47:36 - INFO - Epoch 275/500 | Train Loss: 0.0035 | Val Loss: 0.0001 | Precision: 1.0000 | Recall: 1.0000
2026-04-15 21:48:48 - INFO - Epoch 276/500 | Train Loss: 0.0010 | Val Loss: 0.0001 | Precision: 1.0000 | Recall: 1.0000
2026-04-15 21:49:58 - INFO - Epoch 277/500 | Train Loss: 0.0047 | Val Loss: 0.0001 | Precision: 1.0000 | Recall: 1.0000
2026-04-15 21:51:07 - INFO - Epoch 278/500 | Train Loss: 0.0022 | Val Loss: 0.0049 | Precision: 0.9972 | Recall: 0.9972
2026-04-15 21:52:17 - INFO - Epoch 279/500 | Train Loss: 0.0025 | Val Loss: 0.0002 | Precision: 1.0000 | Recall: 1.0000
2026-04-15 21:53:26 - INFO - Epoch 280/500 | Train Loss: 0.0007 | Val Loss: 0.0027 | Precision: 1.0000 | Recall: 0.9972
2026-04-15 21:54:37 - INFO - Epoch 281/500 | Train Loss: 0.0032 | Val Loss: 0.0000 | Precision: 1.0000 | Recall: 1.0000
2026-04-15 21:55:47 - INFO - Epoch 282/500 | Train Loss: 0.0002 | Val Loss: 0.0000 | Precision: 1.0000 | Recall: 1.0000
2026-04-15 21:56:57 - INFO - Epoch 283/500 | Train Loss: 0.0003 | Val Loss: 0.0000 | Precision: 1.0000 | Recall: 1.0000
2026-04-15 21:58:07 - INFO - Epoch 284/500 | Train Loss: 0.0525 | Val Loss: 0.0006 | Precision: 1.0000 | Recall: 1.0000
2026-04-15 21:59:17 - INFO - Epoch 285/500 | Train Loss: 0.0128 | Val Loss: 0.0006 | Precision: 1.0000 | Recall: 1.0000
2026-04-15 22:00:27 - INFO - Epoch 286/500 | Train Loss: 0.0105 | Val Loss: 0.0002 | Precision: 1.0000 | Recall: 1.0000
2026-04-15 22:01:37 - INFO - Epoch 287/500 | Train Loss: 0.0184 | Val Loss: 0.0009 | Precision: 1.0000 | Recall: 1.0000
2026-04-15 22:02:46 - INFO - Epoch 288/500 | Train Loss: 0.0078 | Val Loss: 0.0002 | Precision: 1.0000 | Recall: 1.0000
2026-04-15 22:03:56 - INFO - Epoch 289/500 | Train Loss: 0.0042 | Val Loss: 0.0015 | Precision: 0.9973 | Recall: 1.0000
2026-04-15 22:05:06 - INFO - Epoch 290/500 | Train Loss: 0.0106 | Val Loss: 0.0001 | Precision: 1.0000 | Recall: 1.0000
2026-04-15 22:06:15 - INFO - Epoch 291/500 | Train Loss: 0.0056 | Val Loss: 0.0001 | Precision: 1.0000 | Recall: 1.0000
2026-04-15 22:07:25 - INFO - Epoch 292/500 | Train Loss: 0.0092 | Val Loss: 0.0038 | Precision: 0.9973 | Recall: 1.0000
2026-04-15 22:08:36 - INFO - Epoch 293/500 | Train Loss: 0.0012 | Val Loss: 0.0003 | Precision: 1.0000 | Recall: 1.0000
2026-04-15 22:09:46 - INFO - Epoch 294/500 | Train Loss: 0.0018 | Val Loss: 0.0008 | Precision: 1.0000 | Recall: 1.0000
2026-04-15 22:10:56 - INFO - Epoch 295/500 | Train Loss: 0.0036 | Val Loss: 0.0032 | Precision: 0.9972 | Recall: 0.9972
2026-04-15 22:12:06 - INFO - Epoch 296/500 | Train Loss: 0.0036 | Val Loss: 0.0029 | Precision: 1.0000 | Recall: 0.9972
2026-04-15 22:13:15 - INFO - Epoch 297/500 | Train Loss: 0.0114 | Val Loss: 0.0036 | Precision: 1.0000 | Recall: 0.9972
2026-04-15 22:14:25 - INFO - Epoch 298/500 | Train Loss: 0.0136 | Val Loss: 0.0032 | Precision: 1.0000 | Recall: 0.9972
2026-04-15 22:15:35 - INFO - Epoch 299/500 | Train Loss: 0.0066 | Val Loss: 0.0021 | Precision: 1.0000 | Recall: 0.9972
2026-04-15 22:16:44 - INFO - Epoch 300/500 | Train Loss: 0.0050 | Val Loss: 0.0008 | Precision: 1.0000 | Recall: 1.0000
2026-04-15 22:18:00 - INFO - Epoch 301/500 | Train Loss: 0.0015 | Val Loss: 0.0013 | Precision: 1.0000 | Recall: 0.9972
2026-04-15 22:19:09 - INFO - Epoch 302/500 | Train Loss: 0.0016 | Val Loss: 0.0024 | Precision: 1.0000 | Recall: 0.9972
2026-04-15 22:20:19 - INFO - Epoch 303/500 | Train Loss: 0.0084 | Val Loss: 0.0007 | Precision: 1.0000 | Recall: 1.0000
2026-04-15 22:21:29 - INFO - Epoch 304/500 | Train Loss: 0.0064 | Val Loss: 0.0028 | Precision: 0.9972 | Recall: 0.9972
2026-04-15 22:22:39 - INFO - Epoch 305/500 | Train Loss: 0.0063 | Val Loss: 0.0035 | Precision: 0.9973 | Recall: 1.0000
2026-04-15 22:23:49 - INFO - Epoch 306/500 | Train Loss: 0.0100 | Val Loss: 0.0044 | Precision: 1.0000 | Recall: 0.9972
2026-04-15 22:24:58 - INFO - Epoch 307/500 | Train Loss: 0.0038 | Val Loss: 0.0019 | Precision: 1.0000 | Recall: 0.9972
2026-04-15 22:26:09 - INFO - Epoch 308/500 | Train Loss: 0.0010 | Val Loss: 0.0008 | Precision: 1.0000 | Recall: 1.0000
2026-04-15 22:27:18 - INFO - Epoch 309/500 | Train Loss: 0.0012 | Val Loss: 0.0686 | Precision: 0.9758 | Recall: 1.0000
2026-04-15 22:28:28 - INFO - Epoch 310/500 | Train Loss: 0.0033 | Val Loss: 0.0013 | Precision: 1.0000 | Recall: 0.9972
2026-04-15 22:29:38 - INFO - Epoch 311/500 | Train Loss: 0.0003 | Val Loss: 0.0008 | Precision: 1.0000 | Recall: 1.0000
2026-04-15 22:30:48 - INFO - Epoch 312/500 | Train Loss: 0.0001 | Val Loss: 0.0013 | Precision: 1.0000 | Recall: 0.9972
2026-04-15 22:31:57 - INFO - Epoch 313/500 | Train Loss: 0.0060 | Val Loss: 0.0024 | Precision: 1.0000 | Recall: 0.9972
2026-04-15 22:33:08 - INFO - Epoch 314/500 | Train Loss: 0.0009 | Val Loss: 0.0047 | Precision: 1.0000 | Recall: 0.9972
2026-04-15 22:34:18 - INFO - Epoch 315/500 | Train Loss: 0.0082 | Val Loss: 0.0212 | Precision: 1.0000 | Recall: 0.9972
2026-04-15 22:35:28 - INFO - Epoch 316/500 | Train Loss: 0.0031 | Val Loss: 0.0002 | Precision: 1.0000 | Recall: 1.0000
2026-04-15 22:36:38 - INFO - Epoch 317/500 | Train Loss: 0.0047 | Val Loss: 0.0011 | Precision: 1.0000 | Recall: 1.0000
2026-04-15 22:37:48 - INFO - Epoch 318/500 | Train Loss: 0.0099 | Val Loss: 0.0034 | Precision: 0.9973 | Recall: 1.0000
2026-04-15 22:38:58 - INFO - Epoch 319/500 | Train Loss: 0.0003 | Val Loss: 0.0014 | Precision: 0.9973 | Recall: 1.0000
2026-04-15 22:40:08 - INFO - Epoch 320/500 | Train Loss: 0.0087 | Val Loss: 0.0015 | Precision: 0.9973 | Recall: 1.0000
2026-04-15 22:41:18 - INFO - Epoch 321/500 | Train Loss: 0.0159 | Val Loss: 0.0011 | Precision: 1.0000 | Recall: 0.9972
2026-04-15 22:42:28 - INFO - Epoch 322/500 | Train Loss: 0.0027 | Val Loss: 0.0007 | Precision: 1.0000 | Recall: 1.0000
2026-04-15 22:43:38 - INFO - Epoch 323/500 | Train Loss: 0.0048 | Val Loss: 0.0009 | Precision: 1.0000 | Recall: 1.0000
2026-04-15 22:44:48 - INFO - Epoch 324/500 | Train Loss: 0.0080 | Val Loss: 0.0027 | Precision: 1.0000 | Recall: 0.9972
2026-04-15 22:45:57 - INFO - Epoch 325/500 | Train Loss: 0.0010 | Val Loss: 0.0037 | Precision: 1.0000 | Recall: 0.9972
2026-04-15 22:47:08 - INFO - Epoch 326/500 | Train Loss: 0.0005 | Val Loss: 0.0019 | Precision: 1.0000 | Recall: 0.9972
2026-04-15 22:48:17 - INFO - Epoch 327/500 | Train Loss: 0.0011 | Val Loss: 0.0019 | Precision: 1.0000 | Recall: 0.9972
2026-04-15 22:49:28 - INFO - Epoch 328/500 | Train Loss: 0.0061 | Val Loss: 0.0067 | Precision: 0.9918 | Recall: 0.9972
2026-04-15 22:50:37 - INFO - Epoch 329/500 | Train Loss: 0.0031 | Val Loss: 0.0141 | Precision: 1.0000 | Recall: 0.9972
2026-04-15 22:51:47 - INFO - Epoch 330/500 | Train Loss: 0.0089 | Val Loss: 0.0005 | Precision: 1.0000 | Recall: 1.0000
2026-04-15 22:52:57 - INFO - Epoch 331/500 | Train Loss: 0.0341 | Val Loss: 0.0027 | Precision: 1.0000 | Recall: 0.9972
2026-04-15 22:54:06 - INFO - Epoch 332/500 | Train Loss: 0.0153 | Val Loss: 0.0042 | Precision: 1.0000 | Recall: 0.9972
2026-04-15 22:55:16 - INFO - Epoch 333/500 | Train Loss: 0.0016 | Val Loss: 0.0043 | Precision: 1.0000 | Recall: 0.9972
2026-04-15 22:56:26 - INFO - Epoch 334/500 | Train Loss: 0.0021 | Val Loss: 0.0067 | Precision: 1.0000 | Recall: 0.9972
2026-04-15 22:57:36 - INFO - Epoch 335/500 | Train Loss: 0.0033 | Val Loss: 0.0039 | Precision: 1.0000 | Recall: 0.9972
2026-04-15 22:58:46 - INFO - Epoch 336/500 | Train Loss: 0.0076 | Val Loss: 0.0046 | Precision: 1.0000 | Recall: 0.9972
2026-04-15 22:59:56 - INFO - Epoch 337/500 | Train Loss: 0.0004 | Val Loss: 0.0049 | Precision: 1.0000 | Recall: 0.9972
2026-04-15 23:01:05 - INFO - Epoch 338/500 | Train Loss: 0.0016 | Val Loss: 0.0173 | Precision: 1.0000 | Recall: 0.9972
2026-04-15 23:02:15 - INFO - Epoch 339/500 | Train Loss: 0.0054 | Val Loss: 0.0027 | Precision: 1.0000 | Recall: 0.9972
2026-04-15 23:03:26 - INFO - Epoch 340/500 | Train Loss: 0.0006 | Val Loss: 0.0018 | Precision: 1.0000 | Recall: 0.9972
2026-04-15 23:04:35 - INFO - Epoch 341/500 | Train Loss: 0.0002 | Val Loss: 0.0029 | Precision: 1.0000 | Recall: 0.9972
2026-04-15 23:05:45 - INFO - Epoch 342/500 | Train Loss: 0.0151 | Val Loss: 0.0014 | Precision: 1.0000 | Recall: 0.9972
2026-04-15 23:06:55 - INFO - Epoch 343/500 | Train Loss: 0.0054 | Val Loss: 0.0014 | Precision: 1.0000 | Recall: 0.9972
2026-04-15 23:08:06 - INFO - Epoch 344/500 | Train Loss: 0.0046 | Val Loss: 0.0045 | Precision: 1.0000 | Recall: 0.9972
2026-04-15 23:09:15 - INFO - Epoch 345/500 | Train Loss: 0.0013 | Val Loss: 0.0048 | Precision: 1.0000 | Recall: 0.9972
2026-04-15 23:10:25 - INFO - Epoch 346/500 | Train Loss: 0.0004 | Val Loss: 0.0020 | Precision: 1.0000 | Recall: 0.9972
2026-04-15 23:11:35 - INFO - Epoch 347/500 | Train Loss: 0.0004 | Val Loss: 0.0037 | Precision: 1.0000 | Recall: 0.9972
2026-04-15 23:12:45 - INFO - Epoch 348/500 | Train Loss: 0.0098 | Val Loss: 0.0133 | Precision: 0.9972 | Recall: 0.9972
2026-04-15 23:13:54 - INFO - Epoch 349/500 | Train Loss: 0.0053 | Val Loss: 0.0002 | Precision: 1.0000 | Recall: 1.0000
2026-04-15 23:15:05 - INFO - Epoch 350/500 | Train Loss: 0.0037 | Val Loss: 0.0003 | Precision: 1.0000 | Recall: 1.0000
2026-04-15 23:16:24 - INFO - Epoch 351/500 | Train Loss: 0.0012 | Val Loss: 0.0005 | Precision: 1.0000 | Recall: 1.0000
2026-04-15 23:17:33 - INFO - Epoch 352/500 | Train Loss: 0.0010 | Val Loss: 0.0004 | Precision: 1.0000 | Recall: 1.0000
2026-04-15 23:18:44 - INFO - Epoch 353/500 | Train Loss: 0.0003 | Val Loss: 0.0003 | Precision: 1.0000 | Recall: 1.0000
2026-04-15 23:19:54 - INFO - Epoch 354/500 | Train Loss: 0.0001 | Val Loss: 0.0003 | Precision: 1.0000 | Recall: 1.0000
2026-04-15 23:21:04 - INFO - Epoch 355/500 | Train Loss: 0.0003 | Val Loss: 0.0011 | Precision: 1.0000 | Recall: 0.9972
2026-04-15 23:22:15 - INFO - Epoch 356/500 | Train Loss: 0.0003 | Val Loss: 0.0003 | Precision: 1.0000 | Recall: 1.0000
2026-04-15 23:23:24 - INFO - Epoch 357/500 | Train Loss: 0.0000 | Val Loss: 0.0002 | Precision: 1.0000 | Recall: 1.0000
2026-04-15 23:24:33 - INFO - Epoch 358/500 | Train Loss: 0.0227 | Val Loss: 0.0475 | Precision: 1.0000 | Recall: 0.9945
2026-04-15 23:25:43 - INFO - Epoch 359/500 | Train Loss: 0.0013 | Val Loss: 0.0279 | Precision: 1.0000 | Recall: 0.9945
2026-04-15 23:26:53 - INFO - Epoch 360/500 | Train Loss: 0.0019 | Val Loss: 0.0055 | Precision: 1.0000 | Recall: 0.9972
2026-04-15 23:28:04 - INFO - Epoch 361/500 | Train Loss: 0.0016 | Val Loss: 0.0323 | Precision: 0.9837 | Recall: 0.9972
2026-04-15 23:29:13 - INFO - Epoch 362/500 | Train Loss: 0.0057 | Val Loss: 0.0005 | Precision: 1.0000 | Recall: 1.0000
2026-04-15 23:30:27 - INFO - Epoch 363/500 | Train Loss: 0.0385 | Val Loss: 0.0021 | Precision: 0.9973 | Recall: 1.0000
2026-04-15 23:31:37 - INFO - Epoch 364/500 | Train Loss: 0.0029 | Val Loss: 0.0030 | Precision: 1.0000 | Recall: 0.9972
2026-04-15 23:32:47 - INFO - Epoch 365/500 | Train Loss: 0.0014 | Val Loss: 0.0002 | Precision: 1.0000 | Recall: 1.0000
2026-04-15 23:33:57 - INFO - Epoch 366/500 | Train Loss: 0.0031 | Val Loss: 0.0193 | Precision: 0.9973 | Recall: 1.0000
2026-04-15 23:35:08 - INFO - Epoch 367/500 | Train Loss: 0.0074 | Val Loss: 0.0005 | Precision: 1.0000 | Recall: 1.0000
2026-04-15 23:36:18 - INFO - Epoch 368/500 | Train Loss: 0.0156 | Val Loss: 0.0013 | Precision: 1.0000 | Recall: 1.0000
2026-04-15 23:37:28 - INFO - Epoch 369/500 | Train Loss: 0.0018 | Val Loss: 0.0006 | Precision: 1.0000 | Recall: 1.0000
2026-04-15 23:38:38 - INFO - Epoch 370/500 | Train Loss: 0.0042 | Val Loss: 0.0002 | Precision: 1.0000 | Recall: 1.0000
2026-04-15 23:39:49 - INFO - Epoch 371/500 | Train Loss: 0.0021 | Val Loss: 0.0000 | Precision: 1.0000 | Recall: 1.0000
2026-04-15 23:40:59 - INFO - Epoch 372/500 | Train Loss: 0.0020 | Val Loss: 0.0007 | Precision: 1.0000 | Recall: 1.0000
2026-04-15 23:42:08 - INFO - Epoch 373/500 | Train Loss: 0.0016 | Val Loss: 0.0000 | Precision: 1.0000 | Recall: 1.0000
2026-04-15 23:43:17 - INFO - Epoch 374/500 | Train Loss: 0.0037 | Val Loss: 0.0002 | Precision: 1.0000 | Recall: 1.0000
2026-04-15 23:44:27 - INFO - Epoch 375/500 | Train Loss: 0.0137 | Val Loss: 0.0001 | Precision: 1.0000 | Recall: 1.0000
2026-04-15 23:45:37 - INFO - Epoch 376/500 | Train Loss: 0.0075 | Val Loss: 0.0000 | Precision: 1.0000 | Recall: 1.0000
2026-04-15 23:46:47 - INFO - Epoch 377/500 | Train Loss: 0.0018 | Val Loss: 0.0001 | Precision: 1.0000 | Recall: 1.0000
2026-04-15 23:47:57 - INFO - Epoch 378/500 | Train Loss: 0.0096 | Val Loss: 0.0016 | Precision: 0.9973 | Recall: 1.0000
2026-04-15 23:49:07 - INFO - Epoch 379/500 | Train Loss: 0.0148 | Val Loss: 0.0000 | Precision: 1.0000 | Recall: 1.0000
2026-04-15 23:50:17 - INFO - Epoch 380/500 | Train Loss: 0.0129 | Val Loss: 0.0001 | Precision: 1.0000 | Recall: 1.0000
2026-04-15 23:51:27 - INFO - Epoch 381/500 | Train Loss: 0.0033 | Val Loss: 0.0001 | Precision: 1.0000 | Recall: 1.0000
2026-04-15 23:52:36 - INFO - Epoch 382/500 | Train Loss: 0.0822 | Val Loss: 0.0110 | Precision: 0.9918 | Recall: 0.9972
2026-04-15 23:53:46 - INFO - Epoch 383/500 | Train Loss: 0.0030 | Val Loss: 0.0001 | Precision: 1.0000 | Recall: 1.0000
2026-04-15 23:54:56 - INFO - Epoch 384/500 | Train Loss: 0.0104 | Val Loss: 0.0000 | Precision: 1.0000 | Recall: 1.0000
2026-04-15 23:56:06 - INFO - Epoch 385/500 | Train Loss: 0.0024 | Val Loss: 0.0000 | Precision: 1.0000 | Recall: 1.0000
2026-04-15 23:57:16 - INFO - Epoch 386/500 | Train Loss: 0.0058 | Val Loss: 0.0002 | Precision: 1.0000 | Recall: 1.0000
2026-04-15 23:58:26 - INFO - Epoch 387/500 | Train Loss: 0.0010 | Val Loss: 0.0005 | Precision: 1.0000 | Recall: 1.0000
2026-04-15 23:59:36 - INFO - Epoch 388/500 | Train Loss: 0.0043 | Val Loss: 0.0006 | Precision: 1.0000 | Recall: 1.0000
2026-04-16 00:00:46 - INFO - Epoch 389/500 | Train Loss: 0.0019 | Val Loss: 0.0005 | Precision: 1.0000 | Recall: 1.0000
2026-04-16 00:01:57 - INFO - Epoch 390/500 | Train Loss: 0.0023 | Val Loss: 0.0032 | Precision: 1.0000 | Recall: 0.9972
2026-04-16 00:03:07 - INFO - Epoch 391/500 | Train Loss: 0.0022 | Val Loss: 0.0002 | Precision: 1.0000 | Recall: 1.0000
2026-04-16 00:04:17 - INFO - Epoch 392/500 | Train Loss: 0.0002 | Val Loss: 0.0000 | Precision: 1.0000 | Recall: 1.0000
2026-04-16 00:05:26 - INFO - Epoch 393/500 | Train Loss: 0.0007 | Val Loss: 0.0001 | Precision: 1.0000 | Recall: 1.0000
2026-04-16 00:06:35 - INFO - Epoch 394/500 | Train Loss: 0.0073 | Val Loss: 0.0010 | Precision: 1.0000 | Recall: 0.9972
2026-04-16 00:07:45 - INFO - Epoch 395/500 | Train Loss: 0.0045 | Val Loss: 0.0000 | Precision: 1.0000 | Recall: 1.0000
2026-04-16 00:08:55 - INFO - Epoch 396/500 | Train Loss: 0.0005 | Val Loss: 0.0071 | Precision: 0.9973 | Recall: 1.0000
2026-04-16 00:10:05 - INFO - Epoch 397/500 | Train Loss: 0.0085 | Val Loss: 0.0004 | Precision: 1.0000 | Recall: 1.0000
2026-04-16 00:11:15 - INFO - Epoch 398/500 | Train Loss: 0.0007 | Val Loss: 0.0027 | Precision: 0.9973 | Recall: 1.0000
2026-04-16 00:12:24 - INFO - Epoch 399/500 | Train Loss: 0.0075 | Val Loss: 0.0082 | Precision: 0.9945 | Recall: 1.0000
2026-04-16 00:13:34 - INFO - Epoch 400/500 | Train Loss: 0.0074 | Val Loss: 0.0005 | Precision: 1.0000 | Recall: 1.0000
2026-04-16 00:14:44 - INFO - Epoch 401/500 | Train Loss: 0.0012 | Val Loss: 0.0000 | Precision: 1.0000 | Recall: 1.0000
2026-04-16 00:15:54 - INFO - Epoch 402/500 | Train Loss: 0.0108 | Val Loss: 0.0022 | Precision: 0.9973 | Recall: 1.0000
2026-04-16 00:17:04 - INFO - Epoch 403/500 | Train Loss: 0.0029 | Val Loss: 0.0001 | Precision: 1.0000 | Recall: 1.0000
2026-04-16 00:18:14 - INFO - Epoch 404/500 | Train Loss: 0.0007 | Val Loss: 0.0002 | Precision: 1.0000 | Recall: 1.0000
2026-04-16 00:19:23 - INFO - Epoch 405/500 | Train Loss: 0.0002 | Val Loss: 0.0005 | Precision: 1.0000 | Recall: 1.0000
2026-04-16 00:20:33 - INFO - Epoch 406/500 | Train Loss: 0.0008 | Val Loss: 0.0000 | Precision: 1.0000 | Recall: 1.0000
2026-04-16 00:21:43 - INFO - Epoch 407/500 | Train Loss: 0.0013 | Val Loss: 0.0002 | Precision: 1.0000 | Recall: 1.0000
2026-04-16 00:22:53 - INFO - Epoch 408/500 | Train Loss: 0.0002 | Val Loss: 0.0000 | Precision: 1.0000 | Recall: 1.0000
2026-04-16 00:24:03 - INFO - Epoch 409/500 | Train Loss: 0.0035 | Val Loss: 0.0035 | Precision: 0.9945 | Recall: 1.0000
2026-04-16 00:25:12 - INFO - Epoch 410/500 | Train Loss: 0.0027 | Val Loss: 0.0010 | Precision: 1.0000 | Recall: 0.9972
2026-04-16 00:26:22 - INFO - Epoch 411/500 | Train Loss: 0.0007 | Val Loss: 0.0000 | Precision: 1.0000 | Recall: 1.0000
2026-04-16 00:27:31 - INFO - Epoch 412/500 | Train Loss: 0.0038 | Val Loss: 0.0006 | Precision: 1.0000 | Recall: 1.0000
2026-04-16 00:28:40 - INFO - Epoch 413/500 | Train Loss: 0.0001 | Val Loss: 0.0003 | Precision: 1.0000 | Recall: 1.0000
2026-04-16 00:29:50 - INFO - Epoch 414/500 | Train Loss: 0.0144 | Val Loss: 0.0000 | Precision: 1.0000 | Recall: 1.0000
2026-04-16 00:30:59 - INFO - Epoch 415/500 | Train Loss: 0.0038 | Val Loss: 0.0000 | Precision: 1.0000 | Recall: 1.0000
2026-04-16 00:32:09 - INFO - Epoch 416/500 | Train Loss: 0.0096 | Val Loss: 0.0202 | Precision: 0.9973 | Recall: 1.0000
2026-04-16 00:33:19 - INFO - Epoch 417/500 | Train Loss: 0.0041 | Val Loss: 0.0000 | Precision: 1.0000 | Recall: 1.0000
2026-04-16 00:34:29 - INFO - Epoch 418/500 | Train Loss: 0.0018 | Val Loss: 0.0001 | Precision: 1.0000 | Recall: 1.0000
2026-04-16 00:35:39 - INFO - Epoch 419/500 | Train Loss: 0.0043 | Val Loss: 0.0000 | Precision: 1.0000 | Recall: 1.0000
2026-04-16 00:36:49 - INFO - Epoch 420/500 | Train Loss: 0.0103 | Val Loss: 0.0014 | Precision: 1.0000 | Recall: 0.9972
2026-04-16 00:37:59 - INFO - Epoch 421/500 | Train Loss: 0.0023 | Val Loss: 0.0017 | Precision: 1.0000 | Recall: 0.9972
2026-04-16 00:39:08 - INFO - Epoch 422/500 | Train Loss: 0.0007 | Val Loss: 0.0026 | Precision: 1.0000 | Recall: 0.9972
2026-04-16 00:40:19 - INFO - Epoch 423/500 | Train Loss: 0.0098 | Val Loss: 0.0001 | Precision: 1.0000 | Recall: 1.0000
2026-04-16 00:41:28 - INFO - Epoch 424/500 | Train Loss: 0.0062 | Val Loss: 0.0002 | Precision: 1.0000 | Recall: 1.0000
2026-04-16 00:42:39 - INFO - Epoch 425/500 | Train Loss: 0.0001 | Val Loss: 0.0003 | Precision: 1.0000 | Recall: 1.0000
2026-04-16 00:43:49 - INFO - Epoch 426/500 | Train Loss: 0.0004 | Val Loss: 0.0003 | Precision: 1.0000 | Recall: 1.0000
2026-04-16 00:44:58 - INFO - Epoch 427/500 | Train Loss: 0.0006 | Val Loss: 0.0053 | Precision: 1.0000 | Recall: 0.9945
2026-04-16 00:46:08 - INFO - Epoch 428/500 | Train Loss: 0.0010 | Val Loss: 0.0023 | Precision: 1.0000 | Recall: 0.9972
2026-04-16 00:47:18 - INFO - Epoch 429/500 | Train Loss: 0.0120 | Val Loss: 0.0000 | Precision: 1.0000 | Recall: 1.0000
2026-04-16 00:48:28 - INFO - Epoch 430/500 | Train Loss: 0.0014 | Val Loss: 0.0000 | Precision: 1.0000 | Recall: 1.0000
2026-04-16 00:49:37 - INFO - Epoch 431/500 | Train Loss: 0.0017 | Val Loss: 0.0063 | Precision: 1.0000 | Recall: 0.9972
2026-04-16 00:50:47 - INFO - Epoch 432/500 | Train Loss: 0.0061 | Val Loss: 0.0000 | Precision: 1.0000 | Recall: 1.0000
2026-04-16 00:51:57 - INFO - Epoch 433/500 | Train Loss: 0.0129 | Val Loss: 0.0085 | Precision: 1.0000 | Recall: 0.9917
2026-04-16 00:53:07 - INFO - Epoch 434/500 | Train Loss: 0.0019 | Val Loss: 0.0040 | Precision: 1.0000 | Recall: 0.9972
2026-04-16 00:54:16 - INFO - Epoch 435/500 | Train Loss: 0.0072 | Val Loss: 0.0110 | Precision: 1.0000 | Recall: 0.9972
2026-04-16 00:55:27 - INFO - Epoch 436/500 | Train Loss: 0.0030 | Val Loss: 0.0058 | Precision: 1.0000 | Recall: 0.9945
2026-04-16 00:56:36 - INFO - Epoch 437/500 | Train Loss: 0.0026 | Val Loss: 0.0004 | Precision: 1.0000 | Recall: 1.0000
2026-04-16 00:57:46 - INFO - Epoch 438/500 | Train Loss: 0.0005 | Val Loss: 0.0002 | Precision: 1.0000 | Recall: 1.0000
2026-04-16 00:58:56 - INFO - Epoch 439/500 | Train Loss: 0.0001 | Val Loss: 0.0001 | Precision: 1.0000 | Recall: 1.0000
2026-04-16 01:00:05 - INFO - Epoch 440/500 | Train Loss: 0.0238 | Val Loss: 0.0102 | Precision: 0.9972 | Recall: 0.9972
2026-04-16 01:01:16 - INFO - Epoch 441/500 | Train Loss: 0.0070 | Val Loss: 0.0032 | Precision: 1.0000 | Recall: 0.9972
2026-04-16 01:02:26 - INFO - Epoch 442/500 | Train Loss: 0.0030 | Val Loss: 0.0018 | Precision: 1.0000 | Recall: 0.9972
2026-04-16 01:03:36 - INFO - Epoch 443/500 | Train Loss: 0.0030 | Val Loss: 0.0016 | Precision: 1.0000 | Recall: 0.9972
2026-04-16 01:04:46 - INFO - Epoch 444/500 | Train Loss: 0.0054 | Val Loss: 0.0000 | Precision: 1.0000 | Recall: 1.0000
2026-04-16 01:05:56 - INFO - Epoch 445/500 | Train Loss: 0.0002 | Val Loss: 0.0000 | Precision: 1.0000 | Recall: 1.0000
2026-04-16 01:07:06 - INFO - Epoch 446/500 | Train Loss: 0.0027 | Val Loss: 0.0003 | Precision: 1.0000 | Recall: 1.0000
2026-04-16 01:08:15 - INFO - Epoch 447/500 | Train Loss: 0.0029 | Val Loss: 0.0000 | Precision: 1.0000 | Recall: 1.0000
2026-04-16 01:09:25 - INFO - Epoch 448/500 | Train Loss: 0.0001 | Val Loss: 0.0000 | Precision: 1.0000 | Recall: 1.0000
2026-04-16 01:10:35 - INFO - Epoch 449/500 | Train Loss: 0.0000 | Val Loss: 0.0001 | Precision: 1.0000 | Recall: 1.0000
2026-04-16 01:11:45 - INFO - Epoch 450/500 | Train Loss: 0.0013 | Val Loss: 0.0000 | Precision: 1.0000 | Recall: 1.0000
2026-04-16 01:12:55 - INFO - Epoch 451/500 | Train Loss: 0.0003 | Val Loss: 0.0000 | Precision: 1.0000 | Recall: 1.0000
2026-04-16 01:14:05 - INFO - Epoch 452/500 | Train Loss: 0.0001 | Val Loss: 0.0000 | Precision: 1.0000 | Recall: 1.0000
2026-04-16 01:15:15 - INFO - Epoch 453/500 | Train Loss: 0.0057 | Val Loss: 0.0023 | Precision: 0.9973 | Recall: 1.0000
2026-04-16 01:16:26 - INFO - Epoch 454/500 | Train Loss: 0.0041 | Val Loss: 0.0127 | Precision: 1.0000 | Recall: 0.9972
2026-04-16 01:17:37 - INFO - Epoch 455/500 | Train Loss: 0.0003 | Val Loss: 0.0098 | Precision: 1.0000 | Recall: 0.9972
2026-04-16 01:18:47 - INFO - Epoch 456/500 | Train Loss: 0.0301 | Val Loss: 0.0264 | Precision: 1.0000 | Recall: 0.9945
2026-04-16 01:19:57 - INFO - Epoch 457/500 | Train Loss: 0.0241 | Val Loss: 0.0080 | Precision: 0.9972 | Recall: 0.9972
2026-04-16 01:21:08 - INFO - Epoch 458/500 | Train Loss: 0.0074 | Val Loss: 0.0085 | Precision: 0.9972 | Recall: 0.9972
2026-04-16 01:22:17 - INFO - Epoch 459/500 | Train Loss: 0.0019 | Val Loss: 0.0104 | Precision: 0.9972 | Recall: 0.9972
2026-04-16 01:23:28 - INFO - Epoch 460/500 | Train Loss: 0.0006 | Val Loss: 0.0114 | Precision: 0.9972 | Recall: 0.9972
2026-04-16 01:24:38 - INFO - Epoch 461/500 | Train Loss: 0.0037 | Val Loss: 0.0011 | Precision: 0.9973 | Recall: 1.0000
2026-04-16 01:25:48 - INFO - Epoch 462/500 | Train Loss: 0.0030 | Val Loss: 0.0020 | Precision: 1.0000 | Recall: 0.9972
2026-04-16 01:26:57 - INFO - Epoch 463/500 | Train Loss: 0.0026 | Val Loss: 0.0013 | Precision: 0.9973 | Recall: 1.0000
2026-04-16 01:28:07 - INFO - Epoch 464/500 | Train Loss: 0.0003 | Val Loss: 0.0016 | Precision: 0.9973 | Recall: 1.0000
2026-04-16 01:29:17 - INFO - Epoch 465/500 | Train Loss: 0.0006 | Val Loss: 0.0015 | Precision: 1.0000 | Recall: 1.0000
2026-04-16 01:30:27 - INFO - Epoch 466/500 | Train Loss: 0.0002 | Val Loss: 0.0023 | Precision: 1.0000 | Recall: 0.9972
2026-04-16 01:31:37 - INFO - Epoch 467/500 | Train Loss: 0.0015 | Val Loss: 0.0000 | Precision: 1.0000 | Recall: 1.0000
2026-04-16 01:32:46 - INFO - Epoch 468/500 | Train Loss: 0.0001 | Val Loss: 0.0001 | Precision: 1.0000 | Recall: 1.0000
2026-04-16 01:33:56 - INFO - Epoch 469/500 | Train Loss: 0.0000 | Val Loss: 0.0001 | Precision: 1.0000 | Recall: 1.0000
2026-04-16 01:35:06 - INFO - Epoch 470/500 | Train Loss: 0.0002 | Val Loss: 0.0001 | Precision: 1.0000 | Recall: 1.0000
2026-04-16 01:36:16 - INFO - Epoch 471/500 | Train Loss: 0.0159 | Val Loss: 0.0004 | Precision: 1.0000 | Recall: 1.0000
2026-04-16 01:37:26 - INFO - Epoch 472/500 | Train Loss: 0.0017 | Val Loss: 0.0002 | Precision: 1.0000 | Recall: 1.0000
2026-04-16 01:38:36 - INFO - Epoch 473/500 | Train Loss: 0.0004 | Val Loss: 0.0002 | Precision: 1.0000 | Recall: 1.0000
2026-04-16 01:39:45 - INFO - Epoch 474/500 | Train Loss: 0.0004 | Val Loss: 0.0002 | Precision: 1.0000 | Recall: 1.0000
2026-04-16 01:40:56 - INFO - Epoch 475/500 | Train Loss: 0.0055 | Val Loss: 0.0015 | Precision: 1.0000 | Recall: 0.9972
2026-04-16 01:42:06 - INFO - Epoch 476/500 | Train Loss: 0.0027 | Val Loss: 0.0053 | Precision: 1.0000 | Recall: 0.9972
2026-04-16 01:43:15 - INFO - Epoch 477/500 | Train Loss: 0.0034 | Val Loss: 0.0193 | Precision: 0.9973 | Recall: 1.0000
2026-04-16 01:44:24 - INFO - Epoch 478/500 | Train Loss: 0.0004 | Val Loss: 0.0390 | Precision: 0.9973 | Recall: 1.0000
2026-04-16 01:45:34 - INFO - Epoch 479/500 | Train Loss: 0.0004 | Val Loss: 0.0000 | Precision: 1.0000 | Recall: 1.0000
2026-04-16 01:46:44 - INFO - Epoch 480/500 | Train Loss: 0.0021 | Val Loss: 0.0179 | Precision: 1.0000 | Recall: 0.9945
2026-04-16 01:47:53 - INFO - Epoch 481/500 | Train Loss: 0.0088 | Val Loss: 0.0000 | Precision: 1.0000 | Recall: 1.0000
2026-04-16 01:49:03 - INFO - Epoch 482/500 | Train Loss: 0.0019 | Val Loss: 0.0000 | Precision: 1.0000 | Recall: 1.0000
2026-04-16 01:50:13 - INFO - Epoch 483/500 | Train Loss: 0.0001 | Val Loss: 0.0000 | Precision: 1.0000 | Recall: 1.0000
2026-04-16 01:51:23 - INFO - Epoch 484/500 | Train Loss: 0.0048 | Val Loss: 0.0002 | Precision: 1.0000 | Recall: 1.0000
2026-04-16 01:52:32 - INFO - Epoch 485/500 | Train Loss: 0.0011 | Val Loss: 0.0001 | Precision: 1.0000 | Recall: 1.0000
2026-04-16 01:53:42 - INFO - Epoch 486/500 | Train Loss: 0.0026 | Val Loss: 0.0001 | Precision: 1.0000 | Recall: 1.0000
2026-04-16 01:54:52 - INFO - Epoch 487/500 | Train Loss: 0.0008 | Val Loss: 0.0002 | Precision: 1.0000 | Recall: 1.0000
2026-04-16 01:56:02 - INFO - Epoch 488/500 | Train Loss: 0.0016 | Val Loss: 0.0001 | Precision: 1.0000 | Recall: 1.0000
2026-04-16 01:57:12 - INFO - Epoch 489/500 | Train Loss: 0.0004 | Val Loss: 0.0003 | Precision: 1.0000 | Recall: 1.0000
2026-04-16 01:58:22 - INFO - Epoch 490/500 | Train Loss: 0.0001 | Val Loss: 0.0003 | Precision: 1.0000 | Recall: 1.0000
2026-04-16 01:59:32 - INFO - Epoch 491/500 | Train Loss: 0.0004 | Val Loss: 0.0010 | Precision: 1.0000 | Recall: 1.0000
2026-04-16 02:00:42 - INFO - Epoch 492/500 | Train Loss: 0.0182 | Val Loss: 0.0005 | Precision: 1.0000 | Recall: 1.0000
2026-04-16 02:01:52 - INFO - Epoch 493/500 | Train Loss: 0.0021 | Val Loss: 0.0024 | Precision: 0.9973 | Recall: 1.0000
2026-04-16 02:03:01 - INFO - Epoch 494/500 | Train Loss: 0.0069 | Val Loss: 0.0033 | Precision: 0.9973 | Recall: 1.0000
2026-04-16 02:04:11 - INFO - Epoch 495/500 | Train Loss: 0.0015 | Val Loss: 0.0191 | Precision: 0.9973 | Recall: 1.0000
2026-04-16 02:05:21 - INFO - Epoch 496/500 | Train Loss: 0.0007 | Val Loss: 0.0002 | Precision: 1.0000 | Recall: 1.0000
2026-04-16 02:06:31 - INFO - Epoch 497/500 | Train Loss: 0.0008 | Val Loss: 0.0057 | Precision: 0.9973 | Recall: 1.0000
2026-04-16 02:07:41 - INFO - Epoch 498/500 | Train Loss: 0.0051 | Val Loss: 0.0431 | Precision: 1.0000 | Recall: 0.9945
2026-04-16 02:08:51 - INFO - Epoch 499/500 | Train Loss: 0.0066 | Val Loss: 0.0038 | Precision: 1.0000 | Recall: 0.9972
2026-04-16 02:10:01 - INFO - Epoch 500/500 | Train Loss: 0.0040 | Val Loss: 0.0005 | Precision: 1.0000 | Recall: 1.0000
2026-04-16 02:10:02 - INFO - Training completed successfully.
